{"/workspaces/aimory-talent-pool/frontend/web/src/App.tsx": {"path":"/workspaces/aimory-talent-pool/frontend/web/src/App.tsx","all":false,"statementMap":{"0":{"start":{"line":1,"column":0},"end":{"line":1,"column":57}},"1":{"start":{"line":2,"column":0},"end":{"line":2,"column":8}},"6":{"start":{"line":7,"column":0},"end":{"line":7,"column":40}},"7":{"start":{"line":8,"column":0},"end":{"line":8,"column":64}},"8":{"start":{"line":9,"column":0},"end":{"line":9,"column":19}},"9":{"start":{"line":10,"column":0},"end":{"line":10,"column":69}},"10":{"start":{"line":11,"column":0},"end":{"line":11,"column":63}},"11":{"start":{"line":12,"column":0},"end":{"line":12,"column":53}},"12":{"start":{"line":13,"column":0},"end":{"line":13,"column":48}},"20":{"start":{"line":21,"column":0},"end":{"line":21,"column":29}},"21":{"start":{"line":22,"column":0},"end":{"line":22,"column":35}},"22":{"start":{"line":23,"column":0},"end":{"line":23,"column":9}},"23":{"start":{"line":24,"column":0},"end":{"line":24,"column":22}},"24":{"start":{"line":25,"column":0},"end":{"line":25,"column":21}},"25":{"start":{"line":26,"column":0},"end":{"line":26,"column":46}},"26":{"start":{"line":27,"column":0},"end":{"line":27,"column":5}},"27":{"start":{"line":28,"column":0},"end":{"line":28,"column":4}},"29":{"start":{"line":30,"column":0},"end":{"line":30,"column":10}},"30":{"start":{"line":31,"column":0},"end":{"line":31,"column":11}},"31":{"start":{"line":32,"column":0},"end":{"line":32,"column":288}},"32":{"start":{"line":33,"column":0},"end":{"line":33,"column":27}},"33":{"start":{"line":34,"column":0},"end":{"line":34,"column":5}},"37":{"start":{"line":38,"column":0},"end":{"line":38,"column":2}},"39":{"start":{"line":40,"column":0},"end":{"line":40,"column":23}},"40":{"start":{"line":41,"column":0},"end":{"line":41,"column":58}},"41":{"start":{"line":42,"column":0},"end":{"line":42,"column":51}},"43":{"start":{"line":44,"column":0},"end":{"line":44,"column":45}},"44":{"start":{"line":45,"column":0},"end":{"line":45,"column":9}},"45":{"start":{"line":46,"column":0},"end":{"line":46,"column":56}},"46":{"start":{"line":47,"column":0},"end":{"line":47,"column":47}},"47":{"start":{"line":48,"column":0},"end":{"line":48,"column":46}},"49":{"start":{"line":50,"column":0},"end":{"line":50,"column":21}},"50":{"start":{"line":51,"column":0},"end":{"line":51,"column":22}},"51":{"start":{"line":52,"column":0},"end":{"line":52,"column":28}},"52":{"start":{"line":53,"column":0},"end":{"line":53,"column":15}},"53":{"start":{"line":54,"column":0},"end":{"line":54,"column":7}},"55":{"start":{"line":56,"column":0},"end":{"line":56,"column":47}},"56":{"start":{"line":57,"column":0},"end":{"line":57,"column":38}},"57":{"start":{"line":58,"column":0},"end":{"line":58,"column":15}},"58":{"start":{"line":59,"column":0},"end":{"line":59,"column":55}},"59":{"start":{"line":60,"column":0},"end":{"line":60,"column":14}},"60":{"start":{"line":61,"column":0},"end":{"line":61,"column":76}},"61":{"start":{"line":62,"column":0},"end":{"line":62,"column":49}},"62":{"start":{"line":63,"column":0},"end":{"line":63,"column":9}},"64":{"start":{"line":65,"column":0},"end":{"line":65,"column":60}},"65":{"start":{"line":66,"column":0},"end":{"line":66,"column":53}},"66":{"start":{"line":67,"column":0},"end":{"line":67,"column":70}},"67":{"start":{"line":68,"column":0},"end":{"line":68,"column":7}},"68":{"start":{"line":69,"column":0},"end":{"line":69,"column":19}},"69":{"start":{"line":70,"column":0},"end":{"line":70,"column":51}},"70":{"start":{"line":71,"column":0},"end":{"line":71,"column":20}},"71":{"start":{"line":72,"column":0},"end":{"line":72,"column":15}},"72":{"start":{"line":73,"column":0},"end":{"line":73,"column":26}},"73":{"start":{"line":74,"column":0},"end":{"line":74,"column":5}},"74":{"start":{"line":75,"column":0},"end":{"line":75,"column":9}},"76":{"start":{"line":77,"column":0},"end":{"line":77,"column":19}},"77":{"start":{"line":78,"column":0},"end":{"line":78,"column":29}},"78":{"start":{"line":79,"column":0},"end":{"line":79,"column":35}},"79":{"start":{"line":80,"column":0},"end":{"line":80,"column":13}},"80":{"start":{"line":81,"column":0},"end":{"line":81,"column":56}},"81":{"start":{"line":82,"column":0},"end":{"line":82,"column":52}},"82":{"start":{"line":83,"column":0},"end":{"line":83,"column":32}},"83":{"start":{"line":84,"column":0},"end":{"line":84,"column":26}},"84":{"start":{"line":85,"column":0},"end":{"line":85,"column":36}},"85":{"start":{"line":86,"column":0},"end":{"line":86,"column":30}},"86":{"start":{"line":87,"column":0},"end":{"line":87,"column":24}},"87":{"start":{"line":88,"column":0},"end":{"line":88,"column":18}},"88":{"start":{"line":89,"column":0},"end":{"line":89,"column":27}},"89":{"start":{"line":90,"column":0},"end":{"line":90,"column":26}},"90":{"start":{"line":91,"column":0},"end":{"line":91,"column":32}},"91":{"start":{"line":92,"column":0},"end":{"line":92,"column":18}},"92":{"start":{"line":93,"column":0},"end":{"line":93,"column":44}},"93":{"start":{"line":94,"column":0},"end":{"line":94,"column":51}},"94":{"start":{"line":95,"column":0},"end":{"line":95,"column":32}},"95":{"start":{"line":96,"column":0},"end":{"line":96,"column":18}},"96":{"start":{"line":97,"column":0},"end":{"line":97,"column":9}},"97":{"start":{"line":98,"column":0},"end":{"line":98,"column":8}},"100":{"start":{"line":101,"column":0},"end":{"line":101,"column":25}},"101":{"start":{"line":102,"column":0},"end":{"line":102,"column":16}},"103":{"start":{"line":104,"column":0},"end":{"line":104,"column":23}},"104":{"start":{"line":105,"column":0},"end":{"line":105,"column":18}},"106":{"start":{"line":107,"column":0},"end":{"line":107,"column":29}},"107":{"start":{"line":108,"column":0},"end":{"line":108,"column":2}},"109":{"start":{"line":110,"column":0},"end":{"line":110,"column":35}},"110":{"start":{"line":111,"column":0},"end":{"line":111,"column":7}},"111":{"start":{"line":112,"column":0},"end":{"line":112,"column":20}},"112":{"start":{"line":113,"column":0},"end":{"line":113,"column":19}},"113":{"start":{"line":114,"column":0},"end":{"line":114,"column":44}},"114":{"start":{"line":115,"column":0},"end":{"line":115,"column":3}},"115":{"start":{"line":116,"column":0},"end":{"line":116,"column":2}},"117":{"start":{"line":118,"column":0},"end":{"line":118,"column":54}},"118":{"start":{"line":119,"column":0},"end":{"line":119,"column":63}},"119":{"start":{"line":120,"column":0},"end":{"line":120,"column":10}},"120":{"start":{"line":121,"column":0},"end":{"line":121,"column":48}},"121":{"start":{"line":122,"column":0},"end":{"line":122,"column":54}},"122":{"start":{"line":123,"column":0},"end":{"line":123,"column":14}},"123":{"start":{"line":124,"column":0},"end":{"line":124,"column":63}},"124":{"start":{"line":125,"column":0},"end":{"line":125,"column":56}},"128":{"start":{"line":129,"column":0},"end":{"line":129,"column":2}},"130":{"start":{"line":131,"column":0},"end":{"line":131,"column":23}},"131":{"start":{"line":132,"column":0},"end":{"line":132,"column":40}},"133":{"start":{"line":134,"column":0},"end":{"line":134,"column":18}},"134":{"start":{"line":135,"column":0},"end":{"line":135,"column":12}},"135":{"start":{"line":136,"column":0},"end":{"line":136,"column":125}},"137":{"start":{"line":138,"column":0},"end":{"line":138,"column":78}},"138":{"start":{"line":139,"column":0},"end":{"line":139,"column":104}},"139":{"start":{"line":140,"column":0},"end":{"line":140,"column":108}},"142":{"start":{"line":143,"column":0},"end":{"line":143,"column":172}},"143":{"start":{"line":144,"column":0},"end":{"line":144,"column":59}},"144":{"start":{"line":145,"column":0},"end":{"line":145,"column":91}},"145":{"start":{"line":146,"column":0},"end":{"line":146,"column":122}},"146":{"start":{"line":147,"column":0},"end":{"line":147,"column":113}},"148":{"start":{"line":149,"column":0},"end":{"line":149,"column":75}},"151":{"start":{"line":152,"column":0},"end":{"line":152,"column":79}},"155":{"start":{"line":156,"column":0},"end":{"line":156,"column":3}},"157":{"start":{"line":158,"column":0},"end":{"line":158,"column":45}},"158":{"start":{"line":159,"column":0},"end":{"line":159,"column":13}},"159":{"start":{"line":160,"column":0},"end":{"line":160,"column":26}},"160":{"start":{"line":161,"column":0},"end":{"line":161,"column":42}},"161":{"start":{"line":162,"column":0},"end":{"line":162,"column":51}},"162":{"start":{"line":163,"column":0},"end":{"line":163,"column":50}},"165":{"start":{"line":166,"column":0},"end":{"line":166,"column":26}},"166":{"start":{"line":167,"column":0},"end":{"line":167,"column":47}},"167":{"start":{"line":168,"column":0},"end":{"line":168,"column":5}},"169":{"start":{"line":170,"column":0},"end":{"line":170,"column":47}},"170":{"start":{"line":171,"column":0},"end":{"line":171,"column":3}},"172":{"start":{"line":173,"column":0},"end":{"line":173,"column":33}},"173":{"start":{"line":174,"column":0},"end":{"line":174,"column":23}},"174":{"start":{"line":175,"column":0},"end":{"line":175,"column":1}},"176":{"start":{"line":177,"column":0},"end":{"line":177,"column":46}},"177":{"start":{"line":178,"column":0},"end":{"line":178,"column":61}},"178":{"start":{"line":179,"column":0},"end":{"line":179,"column":10}},"179":{"start":{"line":180,"column":0},"end":{"line":180,"column":96}},"181":{"start":{"line":182,"column":0},"end":{"line":182,"column":76}},"182":{"start":{"line":183,"column":0},"end":{"line":183,"column":99}},"183":{"start":{"line":184,"column":0},"end":{"line":184,"column":104}},"186":{"start":{"line":187,"column":0},"end":{"line":187,"column":48}},"187":{"start":{"line":188,"column":0},"end":{"line":188,"column":121}},"188":{"start":{"line":189,"column":0},"end":{"line":189,"column":136}},"189":{"start":{"line":190,"column":0},"end":{"line":190,"column":56}},"190":{"start":{"line":191,"column":0},"end":{"line":191,"column":58}},"191":{"start":{"line":192,"column":0},"end":{"line":192,"column":18}},"192":{"start":{"line":193,"column":0},"end":{"line":193,"column":48}},"193":{"start":{"line":194,"column":0},"end":{"line":194,"column":27}},"194":{"start":{"line":195,"column":0},"end":{"line":195,"column":35}},"195":{"start":{"line":196,"column":0},"end":{"line":196,"column":37}},"196":{"start":{"line":197,"column":0},"end":{"line":197,"column":31}},"198":{"start":{"line":199,"column":0},"end":{"line":199,"column":21}},"199":{"start":{"line":200,"column":0},"end":{"line":200,"column":39}},"200":{"start":{"line":201,"column":0},"end":{"line":201,"column":40}},"201":{"start":{"line":202,"column":0},"end":{"line":202,"column":154}},"205":{"start":{"line":206,"column":0},"end":{"line":206,"column":17}},"206":{"start":{"line":207,"column":0},"end":{"line":207,"column":92}},"209":{"start":{"line":210,"column":0},"end":{"line":210,"column":68}},"215":{"start":{"line":216,"column":0},"end":{"line":216,"column":73}},"216":{"start":{"line":217,"column":0},"end":{"line":217,"column":33}},"217":{"start":{"line":218,"column":0},"end":{"line":218,"column":78}},"218":{"start":{"line":219,"column":0},"end":{"line":219,"column":42}},"219":{"start":{"line":220,"column":0},"end":{"line":220,"column":58}},"220":{"start":{"line":221,"column":0},"end":{"line":221,"column":35}},"221":{"start":{"line":222,"column":0},"end":{"line":222,"column":68}},"222":{"start":{"line":223,"column":0},"end":{"line":223,"column":30}},"223":{"start":{"line":224,"column":0},"end":{"line":224,"column":24}},"227":{"start":{"line":228,"column":0},"end":{"line":228,"column":47}},"228":{"start":{"line":229,"column":0},"end":{"line":229,"column":29}},"229":{"start":{"line":230,"column":0},"end":{"line":230,"column":66}},"237":{"start":{"line":238,"column":0},"end":{"line":238,"column":2}},"239":{"start":{"line":240,"column":0},"end":{"line":240,"column":37}},"240":{"start":{"line":241,"column":0},"end":{"line":241,"column":25}},"241":{"start":{"line":242,"column":0},"end":{"line":242,"column":10}},"242":{"start":{"line":243,"column":0},"end":{"line":243,"column":96}},"244":{"start":{"line":245,"column":0},"end":{"line":245,"column":76}},"245":{"start":{"line":246,"column":0},"end":{"line":246,"column":121}},"246":{"start":{"line":247,"column":0},"end":{"line":247,"column":12}},"247":{"start":{"line":248,"column":0},"end":{"line":248,"column":119}},"248":{"start":{"line":249,"column":0},"end":{"line":249,"column":42}},"250":{"start":{"line":251,"column":0},"end":{"line":251,"column":189}},"254":{"start":{"line":255,"column":0},"end":{"line":255,"column":131}},"256":{"start":{"line":257,"column":0},"end":{"line":257,"column":53}},"258":{"start":{"line":259,"column":0},"end":{"line":259,"column":43}},"259":{"start":{"line":260,"column":0},"end":{"line":260,"column":54}},"261":{"start":{"line":262,"column":0},"end":{"line":262,"column":144}},"262":{"start":{"line":263,"column":0},"end":{"line":263,"column":178}},"263":{"start":{"line":264,"column":0},"end":{"line":264,"column":18}},"264":{"start":{"line":265,"column":0},"end":{"line":265,"column":48}},"265":{"start":{"line":266,"column":0},"end":{"line":266,"column":27}},"266":{"start":{"line":267,"column":0},"end":{"line":267,"column":35}},"267":{"start":{"line":268,"column":0},"end":{"line":268,"column":37}},"268":{"start":{"line":269,"column":0},"end":{"line":269,"column":33}},"270":{"start":{"line":271,"column":0},"end":{"line":271,"column":21}},"271":{"start":{"line":272,"column":0},"end":{"line":272,"column":39}},"272":{"start":{"line":273,"column":0},"end":{"line":273,"column":40}},"273":{"start":{"line":274,"column":0},"end":{"line":274,"column":284}},"278":{"start":{"line":279,"column":0},"end":{"line":279,"column":81}},"281":{"start":{"line":282,"column":0},"end":{"line":282,"column":64}},"287":{"start":{"line":288,"column":0},"end":{"line":288,"column":40}},"289":{"start":{"line":290,"column":0},"end":{"line":290,"column":190}},"291":{"start":{"line":292,"column":0},"end":{"line":292,"column":157}},"292":{"start":{"line":293,"column":0},"end":{"line":293,"column":46}},"293":{"start":{"line":294,"column":0},"end":{"line":294,"column":73}},"296":{"start":{"line":297,"column":0},"end":{"line":297,"column":72}},"302":{"start":{"line":303,"column":0},"end":{"line":303,"column":19}},"303":{"start":{"line":304,"column":0},"end":{"line":304,"column":36}},"304":{"start":{"line":305,"column":0},"end":{"line":305,"column":21}},"305":{"start":{"line":306,"column":0},"end":{"line":306,"column":59}},"306":{"start":{"line":307,"column":0},"end":{"line":307,"column":39}},"307":{"start":{"line":308,"column":0},"end":{"line":308,"column":45}},"308":{"start":{"line":309,"column":0},"end":{"line":309,"column":27}},"309":{"start":{"line":310,"column":0},"end":{"line":310,"column":19}},"310":{"start":{"line":311,"column":0},"end":{"line":311,"column":25}},"311":{"start":{"line":312,"column":0},"end":{"line":312,"column":52}},"312":{"start":{"line":313,"column":0},"end":{"line":313,"column":17}},"313":{"start":{"line":314,"column":0},"end":{"line":314,"column":74}},"314":{"start":{"line":315,"column":0},"end":{"line":315,"column":16}},"315":{"start":{"line":316,"column":0},"end":{"line":316,"column":357}},"317":{"start":{"line":318,"column":0},"end":{"line":318,"column":18}},"318":{"start":{"line":319,"column":0},"end":{"line":319,"column":82}},"319":{"start":{"line":320,"column":0},"end":{"line":320,"column":35}},"320":{"start":{"line":321,"column":0},"end":{"line":321,"column":27}},"322":{"start":{"line":323,"column":0},"end":{"line":323,"column":62}},"323":{"start":{"line":324,"column":0},"end":{"line":324,"column":69}},"324":{"start":{"line":325,"column":0},"end":{"line":325,"column":69}},"325":{"start":{"line":326,"column":0},"end":{"line":326,"column":76}},"326":{"start":{"line":327,"column":0},"end":{"line":327,"column":20}},"330":{"start":{"line":331,"column":0},"end":{"line":331,"column":85}},"331":{"start":{"line":332,"column":0},"end":{"line":332,"column":68}},"339":{"start":{"line":340,"column":0},"end":{"line":340,"column":53}},"340":{"start":{"line":341,"column":0},"end":{"line":341,"column":52}},"343":{"start":{"line":344,"column":0},"end":{"line":344,"column":80}},"348":{"start":{"line":349,"column":0},"end":{"line":349,"column":2}},"350":{"start":{"line":351,"column":0},"end":{"line":351,"column":16}},"351":{"start":{"line":352,"column":0},"end":{"line":352,"column":10}},"352":{"start":{"line":353,"column":0},"end":{"line":353,"column":19}},"353":{"start":{"line":354,"column":0},"end":{"line":354,"column":20}},"356":{"start":{"line":357,"column":0},"end":{"line":357,"column":1}},"358":{"start":{"line":359,"column":0},"end":{"line":359,"column":19}}},"s":{"0":1,"1":1,"6":1,"7":1,"8":1,"9":1,"10":1,"11":1,"12":1,"20":1,"21":0,"22":0,"23":0,"24":0,"25":0,"26":0,"27":0,"29":0,"30":0,"31":0,"32":0,"33":0,"37":0,"39":1,"40":25,"41":25,"43":25,"44":13,"45":13,"46":13,"47":13,"49":13,"50":6,"51":6,"52":6,"53":6,"55":5,"56":5,"57":5,"58":13,"59":13,"60":13,"61":13,"62":13,"64":13,"65":13,"66":0,"67":0,"68":13,"69":1,"70":1,"71":13,"72":12,"73":12,"74":25,"76":25,"77":12,"78":12,"79":12,"80":12,"81":2,"82":2,"83":2,"84":2,"85":2,"86":1,"87":1,"88":2,"89":1,"90":1,"91":1,"92":2,"93":0,"94":0,"95":0,"96":2,"97":2,"100":12,"101":12,"103":12,"104":25,"106":25,"107":25,"109":1,"110":2,"111":2,"112":1,"113":1,"114":1,"115":2,"117":1,"118":1,"119":5,"120":5,"121":5,"122":5,"123":5,"124":5,"128":5,"130":25,"131":25,"133":25,"134":12,"135":12,"137":12,"138":12,"139":12,"142":12,"143":12,"144":12,"145":12,"146":12,"148":12,"151":12,"155":12,"157":13,"158":25,"159":5,"160":5,"161":0,"162":0,"165":5,"166":0,"167":0,"169":5,"170":5,"172":8,"173":8,"174":8,"176":1,"177":1,"178":0,"179":0,"181":0,"182":0,"183":0,"186":0,"187":0,"188":0,"189":0,"190":0,"191":0,"192":0,"193":0,"194":0,"195":0,"196":0,"198":0,"199":0,"200":0,"201":0,"205":0,"206":0,"209":0,"215":0,"216":0,"217":0,"218":0,"219":0,"220":0,"221":0,"222":0,"223":0,"227":0,"228":0,"229":0,"237":0,"239":1,"240":1,"241":8,"242":8,"244":8,"245":8,"246":8,"247":8,"248":8,"250":8,"254":8,"256":8,"258":8,"259":8,"261":8,"262":8,"263":8,"264":8,"265":8,"266":8,"267":8,"268":8,"270":8,"271":8,"272":8,"273":8,"278":8,"281":8,"287":8,"289":8,"291":8,"292":8,"293":8,"296":8,"302":8,"303":8,"304":2,"305":2,"306":2,"307":1,"308":1,"309":1,"310":2,"311":0,"312":0,"313":1,"314":1,"315":8,"317":8,"318":8,"319":8,"320":8,"322":8,"323":8,"324":8,"325":8,"326":8,"330":8,"331":8,"339":8,"340":8,"343":8,"348":8,"350":12,"351":12,"352":12,"353":12,"356":12,"358":1},"branchMap":{"0":{"type":"branch","line":40,"loc":{"start":{"line":40,"column":16},"end":{"line":108,"column":2}},"locations":[{"start":{"line":40,"column":16},"end":{"line":108,"column":2}}]},"1":{"type":"branch","line":44,"loc":{"start":{"line":44,"column":32},"end":{"line":75,"column":5}},"locations":[{"start":{"line":44,"column":32},"end":{"line":75,"column":5}}]},"2":{"type":"branch","line":47,"loc":{"start":{"line":47,"column":28},"end":{"line":48,"column":36}},"locations":[{"start":{"line":47,"column":28},"end":{"line":48,"column":36}}]},"3":{"type":"branch","line":48,"loc":{"start":{"line":48,"column":36},"end":{"line":48,"column":46}},"locations":[{"start":{"line":48,"column":36},"end":{"line":48,"column":46}}]},"4":{"type":"branch","line":50,"loc":{"start":{"line":50,"column":20},"end":{"line":54,"column":7}},"locations":[{"start":{"line":50,"column":20},"end":{"line":54,"column":7}}]},"5":{"type":"branch","line":54,"loc":{"start":{"line":54,"column":6},"end":{"line":59,"column":45}},"locations":[{"start":{"line":54,"column":6},"end":{"line":59,"column":45}}]},"6":{"type":"branch","line":59,"loc":{"start":{"line":59,"column":30},"end":{"line":59,"column":55}},"locations":[{"start":{"line":59,"column":30},"end":{"line":59,"column":55}}]},"7":{"type":"branch","line":61,"loc":{"start":{"line":61,"column":24},"end":{"line":61,"column":51}},"locations":[{"start":{"line":61,"column":24},"end":{"line":61,"column":51}}]},"8":{"type":"branch","line":61,"loc":{"start":{"line":61,"column":51},"end":{"line":61,"column":76}},"locations":[{"start":{"line":61,"column":51},"end":{"line":61,"column":76}}]},"9":{"type":"branch","line":66,"loc":{"start":{"line":66,"column":52},"end":{"line":68,"column":7}},"locations":[{"start":{"line":66,"column":52},"end":{"line":68,"column":7}}]},"10":{"type":"branch","line":69,"loc":{"start":{"line":69,"column":6},"end":{"line":72,"column":14}},"locations":[{"start":{"line":69,"column":6},"end":{"line":72,"column":14}}]},"11":{"type":"branch","line":72,"loc":{"start":{"line":72,"column":4},"end":{"line":72,"column":14}},"locations":[{"start":{"line":72,"column":4},"end":{"line":72,"column":14}}]},"12":{"type":"branch","line":72,"loc":{"start":{"line":72,"column":4},"end":{"line":74,"column":5}},"locations":[{"start":{"line":72,"column":4},"end":{"line":74,"column":5}}]},"13":{"type":"branch","line":77,"loc":{"start":{"line":77,"column":12},"end":{"line":105,"column":5}},"locations":[{"start":{"line":77,"column":12},"end":{"line":105,"column":5}}]},"14":{"type":"branch","line":81,"loc":{"start":{"line":81,"column":6},"end":{"line":98,"column":8}},"locations":[{"start":{"line":81,"column":6},"end":{"line":98,"column":8}}]},"15":{"type":"branch","line":84,"loc":{"start":{"line":84,"column":10},"end":{"line":84,"column":26}},"locations":[{"start":{"line":84,"column":10},"end":{"line":84,"column":26}}]},"16":{"type":"branch","line":85,"loc":{"start":{"line":85,"column":10},"end":{"line":85,"column":36}},"locations":[{"start":{"line":85,"column":10},"end":{"line":85,"column":36}}]},"17":{"type":"branch","line":86,"loc":{"start":{"line":86,"column":10},"end":{"line":88,"column":18}},"locations":[{"start":{"line":86,"column":10},"end":{"line":88,"column":18}}]},"18":{"type":"branch","line":89,"loc":{"start":{"line":89,"column":10},"end":{"line":92,"column":18}},"locations":[{"start":{"line":89,"column":10},"end":{"line":92,"column":18}}]},"19":{"type":"branch","line":93,"loc":{"start":{"line":93,"column":10},"end":{"line":96,"column":18}},"locations":[{"start":{"line":93,"column":10},"end":{"line":96,"column":18}}]},"20":{"type":"branch","line":110,"loc":{"start":{"line":110,"column":22},"end":{"line":116,"column":2}},"locations":[{"start":{"line":110,"column":22},"end":{"line":116,"column":2}}]},"21":{"type":"branch","line":112,"loc":{"start":{"line":112,"column":10},"end":{"line":115,"column":3}},"locations":[{"start":{"line":112,"column":10},"end":{"line":115,"column":3}}]},"22":{"type":"branch","line":119,"loc":{"start":{"line":119,"column":28},"end":{"line":129,"column":2}},"locations":[{"start":{"line":119,"column":28},"end":{"line":129,"column":2}}]},"23":{"type":"branch","line":131,"loc":{"start":{"line":131,"column":0},"end":{"line":175,"column":1}},"locations":[{"start":{"line":131,"column":0},"end":{"line":175,"column":1}}]},"24":{"type":"branch","line":134,"loc":{"start":{"line":134,"column":17},"end":{"line":156,"column":3}},"locations":[{"start":{"line":134,"column":17},"end":{"line":156,"column":3}}]},"25":{"type":"branch","line":156,"loc":{"start":{"line":156,"column":2},"end":{"line":159,"column":12}},"locations":[{"start":{"line":156,"column":2},"end":{"line":159,"column":12}}]},"26":{"type":"branch","line":159,"loc":{"start":{"line":159,"column":12},"end":{"line":171,"column":3}},"locations":[{"start":{"line":159,"column":12},"end":{"line":171,"column":3}}]},"27":{"type":"branch","line":161,"loc":{"start":{"line":161,"column":38},"end":{"line":163,"column":50}},"locations":[{"start":{"line":161,"column":38},"end":{"line":163,"column":50}}]},"28":{"type":"branch","line":166,"loc":{"start":{"line":166,"column":25},"end":{"line":168,"column":5}},"locations":[{"start":{"line":166,"column":25},"end":{"line":168,"column":5}}]},"29":{"type":"branch","line":171,"loc":{"start":{"line":171,"column":2},"end":{"line":175,"column":1}},"locations":[{"start":{"line":171,"column":2},"end":{"line":175,"column":1}}]},"30":{"type":"branch","line":241,"loc":{"start":{"line":241,"column":18},"end":{"line":349,"column":2}},"locations":[{"start":{"line":241,"column":18},"end":{"line":349,"column":2}}]},"31":{"type":"branch","line":304,"loc":{"start":{"line":304,"column":23},"end":{"line":315,"column":16}},"locations":[{"start":{"line":304,"column":23},"end":{"line":315,"column":16}}]},"32":{"type":"branch","line":307,"loc":{"start":{"line":307,"column":38},"end":{"line":310,"column":19}},"locations":[{"start":{"line":307,"column":38},"end":{"line":310,"column":19}}]},"33":{"type":"branch","line":311,"loc":{"start":{"line":311,"column":18},"end":{"line":313,"column":17}},"locations":[{"start":{"line":311,"column":18},"end":{"line":313,"column":17}}]},"34":{"type":"branch","line":313,"loc":{"start":{"line":313,"column":16},"end":{"line":315,"column":16}},"locations":[{"start":{"line":313,"column":16},"end":{"line":315,"column":16}}]},"35":{"type":"branch","line":351,"loc":{"start":{"line":351,"column":0},"end":{"line":357,"column":1}},"locations":[{"start":{"line":351,"column":0},"end":{"line":357,"column":1}}]}},"b":{"0":[25],"1":[13],"2":[11],"3":[5],"4":[6],"5":[5],"6":[0],"7":[0],"8":[0],"9":[0],"10":[1],"11":[6],"12":[12],"13":[12],"14":[2],"15":[1],"16":[1],"17":[1],"18":[1],"19":[0],"20":[2],"21":[1],"22":[5],"23":[25],"24":[12],"25":[13],"26":[5],"27":[0],"28":[0],"29":[8],"30":[8],"31":[2],"32":[1],"33":[0],"34":[1],"35":[12]},"fnMap":{"0":{"name":"SignOutButton","decl":{"start":{"line":21,"column":22},"end":{"line":38,"column":2}},"loc":{"start":{"line":21,"column":22},"end":{"line":38,"column":2}},"line":21},"1":{"name":"useAuth","decl":{"start":{"line":40,"column":16},"end":{"line":108,"column":2}},"loc":{"start":{"line":40,"column":16},"end":{"line":108,"column":2}},"line":40},"2":{"name":"handleSignOut","decl":{"start":{"line":110,"column":22},"end":{"line":116,"column":2}},"loc":{"start":{"line":110,"column":22},"end":{"line":116,"column":2}},"line":110},"3":{"name":"AuthenticatedRoutes","decl":{"start":{"line":119,"column":28},"end":{"line":129,"column":2}},"loc":{"start":{"line":119,"column":28},"end":{"line":129,"column":2}},"line":119},"4":{"name":"AppContent","decl":{"start":{"line":131,"column":0},"end":{"line":175,"column":1}},"loc":{"start":{"line":131,"column":0},"end":{"line":175,"column":1}},"line":131},"5":{"name":"AccessDeniedPanel","decl":{"start":{"line":178,"column":26},"end":{"line":238,"column":2}},"loc":{"start":{"line":178,"column":26},"end":{"line":238,"column":2}},"line":178},"6":{"name":"LoginPage","decl":{"start":{"line":241,"column":18},"end":{"line":349,"column":2}},"loc":{"start":{"line":241,"column":18},"end":{"line":349,"column":2}},"line":241},"7":{"name":"onClick","decl":{"start":{"line":304,"column":23},"end":{"line":315,"column":16}},"loc":{"start":{"line":304,"column":23},"end":{"line":315,"column":16}},"line":304},"8":{"name":"App","decl":{"start":{"line":351,"column":0},"end":{"line":357,"column":1}},"loc":{"start":{"line":351,"column":0},"end":{"line":357,"column":1}},"line":351}},"f":{"0":0,"1":25,"2":2,"3":5,"4":25,"5":0,"6":8,"7":2,"8":12}}
,"/workspaces/aimory-talent-pool/frontend/web/src/components/TalentDashboard/ProfileDetailPanel.tsx": {"path":"/workspaces/aimory-talent-pool/frontend/web/src/components/TalentDashboard/ProfileDetailPanel.tsx","all":false,"statementMap":{"0":{"start":{"line":1,"column":0},"end":{"line":1,"column":3}},"3":{"start":{"line":4,"column":0},"end":{"line":4,"column":3}},"4":{"start":{"line":5,"column":0},"end":{"line":5,"column":44}},"5":{"start":{"line":6,"column":0},"end":{"line":6,"column":8}},"28":{"start":{"line":29,"column":0},"end":{"line":29,"column":46}},"29":{"start":{"line":30,"column":0},"end":{"line":30,"column":48}},"30":{"start":{"line":31,"column":0},"end":{"line":31,"column":46}},"31":{"start":{"line":32,"column":0},"end":{"line":32,"column":46}},"32":{"start":{"line":33,"column":0},"end":{"line":33,"column":69}},"39":{"start":{"line":40,"column":0},"end":{"line":40,"column":8}},"46":{"start":{"line":47,"column":0},"end":{"line":47,"column":55}},"47":{"start":{"line":48,"column":0},"end":{"line":48,"column":61}},"79":{"start":{"line":80,"column":0},"end":{"line":80,"column":69}},"80":{"start":{"line":81,"column":0},"end":{"line":81,"column":10}},"81":{"start":{"line":82,"column":0},"end":{"line":82,"column":29}},"82":{"start":{"line":83,"column":0},"end":{"line":83,"column":14}},"83":{"start":{"line":84,"column":0},"end":{"line":84,"column":41}},"84":{"start":{"line":85,"column":0},"end":{"line":85,"column":41}},"85":{"start":{"line":86,"column":0},"end":{"line":86,"column":47}},"86":{"start":{"line":87,"column":0},"end":{"line":87,"column":43}},"87":{"start":{"line":88,"column":0},"end":{"line":88,"column":6}},"88":{"start":{"line":89,"column":0},"end":{"line":89,"column":35}},"89":{"start":{"line":90,"column":0},"end":{"line":90,"column":41}},"90":{"start":{"line":91,"column":0},"end":{"line":91,"column":45}},"91":{"start":{"line":92,"column":0},"end":{"line":92,"column":51}},"92":{"start":{"line":93,"column":0},"end":{"line":93,"column":64}},"93":{"start":{"line":94,"column":0},"end":{"line":94,"column":48}},"94":{"start":{"line":95,"column":0},"end":{"line":95,"column":64}},"95":{"start":{"line":96,"column":0},"end":{"line":96,"column":15}},"96":{"start":{"line":97,"column":0},"end":{"line":97,"column":40}},"97":{"start":{"line":98,"column":0},"end":{"line":98,"column":68}},"98":{"start":{"line":99,"column":0},"end":{"line":99,"column":6}},"99":{"start":{"line":100,"column":0},"end":{"line":100,"column":71}},"100":{"start":{"line":101,"column":0},"end":{"line":101,"column":51}},"101":{"start":{"line":102,"column":0},"end":{"line":102,"column":27}},"102":{"start":{"line":103,"column":0},"end":{"line":103,"column":4}},"103":{"start":{"line":104,"column":0},"end":{"line":104,"column":1}},"105":{"start":{"line":106,"column":0},"end":{"line":106,"column":36}},"106":{"start":{"line":107,"column":0},"end":{"line":107,"column":10}},"107":{"start":{"line":108,"column":0},"end":{"line":108,"column":10}},"108":{"start":{"line":109,"column":0},"end":{"line":109,"column":12}},"109":{"start":{"line":110,"column":0},"end":{"line":110,"column":29}},"110":{"start":{"line":111,"column":0},"end":{"line":111,"column":60}},"111":{"start":{"line":112,"column":0},"end":{"line":112,"column":66}},"112":{"start":{"line":113,"column":0},"end":{"line":113,"column":54}},"114":{"start":{"line":115,"column":0},"end":{"line":115,"column":20}},"115":{"start":{"line":116,"column":0},"end":{"line":116,"column":54}},"116":{"start":{"line":117,"column":0},"end":{"line":117,"column":65}},"117":{"start":{"line":118,"column":0},"end":{"line":118,"column":31}},"119":{"start":{"line":120,"column":0},"end":{"line":120,"column":50}},"120":{"start":{"line":121,"column":0},"end":{"line":121,"column":68}},"121":{"start":{"line":122,"column":0},"end":{"line":122,"column":54}},"123":{"start":{"line":124,"column":0},"end":{"line":124,"column":41}},"124":{"start":{"line":125,"column":0},"end":{"line":125,"column":19}},"125":{"start":{"line":126,"column":0},"end":{"line":126,"column":44}},"126":{"start":{"line":127,"column":0},"end":{"line":127,"column":16}},"128":{"start":{"line":129,"column":0},"end":{"line":129,"column":34}},"129":{"start":{"line":130,"column":0},"end":{"line":130,"column":44}},"130":{"start":{"line":131,"column":0},"end":{"line":131,"column":25}},"131":{"start":{"line":132,"column":0},"end":{"line":132,"column":4}},"133":{"start":{"line":134,"column":0},"end":{"line":134,"column":34}},"134":{"start":{"line":135,"column":0},"end":{"line":135,"column":22}},"135":{"start":{"line":136,"column":0},"end":{"line":136,"column":9}},"136":{"start":{"line":137,"column":0},"end":{"line":137,"column":61}},"138":{"start":{"line":139,"column":0},"end":{"line":139,"column":39}},"139":{"start":{"line":140,"column":0},"end":{"line":140,"column":51}},"140":{"start":{"line":141,"column":0},"end":{"line":141,"column":37}},"141":{"start":{"line":142,"column":0},"end":{"line":142,"column":7}},"142":{"start":{"line":143,"column":0},"end":{"line":143,"column":47}},"143":{"start":{"line":144,"column":0},"end":{"line":144,"column":41}},"144":{"start":{"line":145,"column":0},"end":{"line":145,"column":7}},"146":{"start":{"line":147,"column":0},"end":{"line":147,"column":44}},"147":{"start":{"line":148,"column":0},"end":{"line":148,"column":40}},"148":{"start":{"line":149,"column":0},"end":{"line":149,"column":15}},"149":{"start":{"line":150,"column":0},"end":{"line":150,"column":46}},"150":{"start":{"line":151,"column":0},"end":{"line":151,"column":40}},"151":{"start":{"line":152,"column":0},"end":{"line":152,"column":7}},"153":{"start":{"line":154,"column":0},"end":{"line":154,"column":16}},"154":{"start":{"line":155,"column":0},"end":{"line":155,"column":28}},"155":{"start":{"line":156,"column":0},"end":{"line":156,"column":67}},"156":{"start":{"line":157,"column":0},"end":{"line":157,"column":67}},"157":{"start":{"line":158,"column":0},"end":{"line":158,"column":73}},"158":{"start":{"line":159,"column":0},"end":{"line":159,"column":67}},"159":{"start":{"line":160,"column":0},"end":{"line":160,"column":27}},"160":{"start":{"line":161,"column":0},"end":{"line":161,"column":27}},"161":{"start":{"line":162,"column":0},"end":{"line":162,"column":48}},"162":{"start":{"line":163,"column":0},"end":{"line":163,"column":48}},"163":{"start":{"line":164,"column":0},"end":{"line":164,"column":54}},"164":{"start":{"line":165,"column":0},"end":{"line":165,"column":50}},"165":{"start":{"line":166,"column":0},"end":{"line":166,"column":10}},"166":{"start":{"line":167,"column":0},"end":{"line":167,"column":7}},"168":{"start":{"line":169,"column":0},"end":{"line":169,"column":57}},"169":{"start":{"line":170,"column":0},"end":{"line":170,"column":51}},"170":{"start":{"line":171,"column":0},"end":{"line":171,"column":7}},"172":{"start":{"line":173,"column":0},"end":{"line":173,"column":61}},"173":{"start":{"line":174,"column":0},"end":{"line":174,"column":55}},"174":{"start":{"line":175,"column":0},"end":{"line":175,"column":7}},"176":{"start":{"line":177,"column":0},"end":{"line":177,"column":65}},"177":{"start":{"line":178,"column":0},"end":{"line":178,"column":59}},"178":{"start":{"line":179,"column":0},"end":{"line":179,"column":7}},"180":{"start":{"line":181,"column":0},"end":{"line":181,"column":60}},"181":{"start":{"line":182,"column":0},"end":{"line":182,"column":53}},"182":{"start":{"line":183,"column":0},"end":{"line":183,"column":47}},"183":{"start":{"line":184,"column":0},"end":{"line":184,"column":7}},"185":{"start":{"line":186,"column":0},"end":{"line":186,"column":39}},"186":{"start":{"line":187,"column":0},"end":{"line":187,"column":45}},"187":{"start":{"line":188,"column":0},"end":{"line":188,"column":27}},"188":{"start":{"line":189,"column":0},"end":{"line":189,"column":15}},"189":{"start":{"line":190,"column":0},"end":{"line":190,"column":19}},"190":{"start":{"line":191,"column":0},"end":{"line":191,"column":46}},"191":{"start":{"line":192,"column":0},"end":{"line":192,"column":27}},"192":{"start":{"line":193,"column":0},"end":{"line":193,"column":32}},"193":{"start":{"line":194,"column":0},"end":{"line":194,"column":15}},"194":{"start":{"line":195,"column":0},"end":{"line":195,"column":19}},"195":{"start":{"line":196,"column":0},"end":{"line":196,"column":44}},"196":{"start":{"line":197,"column":0},"end":{"line":197,"column":46}},"197":{"start":{"line":198,"column":0},"end":{"line":198,"column":39}},"198":{"start":{"line":199,"column":0},"end":{"line":199,"column":49}},"199":{"start":{"line":200,"column":0},"end":{"line":200,"column":7}},"201":{"start":{"line":202,"column":0},"end":{"line":202,"column":23}},"202":{"start":{"line":203,"column":0},"end":{"line":203,"column":68}},"203":{"start":{"line":204,"column":0},"end":{"line":204,"column":46}},"204":{"start":{"line":205,"column":0},"end":{"line":205,"column":32}},"205":{"start":{"line":206,"column":0},"end":{"line":206,"column":15}},"206":{"start":{"line":207,"column":0},"end":{"line":207,"column":19}},"207":{"start":{"line":208,"column":0},"end":{"line":208,"column":34}},"208":{"start":{"line":209,"column":0},"end":{"line":209,"column":70}},"209":{"start":{"line":210,"column":0},"end":{"line":210,"column":19}},"211":{"start":{"line":212,"column":0},"end":{"line":212,"column":7}},"213":{"start":{"line":214,"column":0},"end":{"line":214,"column":39}},"214":{"start":{"line":215,"column":0},"end":{"line":215,"column":47}},"215":{"start":{"line":216,"column":0},"end":{"line":216,"column":27}},"216":{"start":{"line":217,"column":0},"end":{"line":217,"column":15}},"217":{"start":{"line":218,"column":0},"end":{"line":218,"column":19}},"218":{"start":{"line":219,"column":0},"end":{"line":219,"column":48}},"219":{"start":{"line":220,"column":0},"end":{"line":220,"column":27}},"220":{"start":{"line":221,"column":0},"end":{"line":221,"column":32}},"221":{"start":{"line":222,"column":0},"end":{"line":222,"column":15}},"222":{"start":{"line":223,"column":0},"end":{"line":223,"column":19}},"223":{"start":{"line":224,"column":0},"end":{"line":224,"column":48}},"224":{"start":{"line":225,"column":0},"end":{"line":225,"column":46}},"225":{"start":{"line":226,"column":0},"end":{"line":226,"column":39}},"226":{"start":{"line":227,"column":0},"end":{"line":227,"column":49}},"227":{"start":{"line":228,"column":0},"end":{"line":228,"column":7}},"229":{"start":{"line":230,"column":0},"end":{"line":230,"column":17}},"230":{"start":{"line":231,"column":0},"end":{"line":231,"column":29}},"231":{"start":{"line":232,"column":0},"end":{"line":232,"column":67}},"232":{"start":{"line":233,"column":0},"end":{"line":233,"column":35}},"233":{"start":{"line":234,"column":0},"end":{"line":234,"column":67}},"234":{"start":{"line":235,"column":0},"end":{"line":235,"column":28}},"235":{"start":{"line":236,"column":0},"end":{"line":236,"column":28}},"236":{"start":{"line":237,"column":0},"end":{"line":237,"column":47}},"237":{"start":{"line":238,"column":0},"end":{"line":238,"column":49}},"238":{"start":{"line":239,"column":0},"end":{"line":239,"column":10}},"239":{"start":{"line":240,"column":0},"end":{"line":240,"column":7}},"241":{"start":{"line":242,"column":0},"end":{"line":242,"column":49}},"242":{"start":{"line":243,"column":0},"end":{"line":243,"column":52}},"243":{"start":{"line":244,"column":0},"end":{"line":244,"column":15}},"244":{"start":{"line":245,"column":0},"end":{"line":245,"column":51}},"245":{"start":{"line":246,"column":0},"end":{"line":246,"column":45}},"246":{"start":{"line":247,"column":0},"end":{"line":247,"column":7}},"248":{"start":{"line":249,"column":0},"end":{"line":249,"column":44}},"249":{"start":{"line":250,"column":0},"end":{"line":250,"column":48}},"250":{"start":{"line":251,"column":0},"end":{"line":251,"column":26}},"251":{"start":{"line":252,"column":0},"end":{"line":252,"column":29}},"252":{"start":{"line":253,"column":0},"end":{"line":253,"column":14}},"253":{"start":{"line":254,"column":0},"end":{"line":254,"column":29}},"254":{"start":{"line":255,"column":0},"end":{"line":255,"column":7}},"255":{"start":{"line":256,"column":0},"end":{"line":256,"column":21}},"256":{"start":{"line":257,"column":0},"end":{"line":257,"column":46}},"257":{"start":{"line":258,"column":0},"end":{"line":258,"column":57}},"258":{"start":{"line":259,"column":0},"end":{"line":259,"column":15}},"259":{"start":{"line":260,"column":0},"end":{"line":260,"column":25}},"260":{"start":{"line":261,"column":0},"end":{"line":261,"column":5}},"261":{"start":{"line":262,"column":0},"end":{"line":262,"column":4}},"263":{"start":{"line":264,"column":0},"end":{"line":264,"column":36}},"264":{"start":{"line":265,"column":0},"end":{"line":265,"column":24}},"265":{"start":{"line":266,"column":0},"end":{"line":266,"column":9}},"266":{"start":{"line":267,"column":0},"end":{"line":267,"column":37}},"267":{"start":{"line":268,"column":0},"end":{"line":268,"column":24}},"268":{"start":{"line":269,"column":0},"end":{"line":269,"column":16}},"269":{"start":{"line":270,"column":0},"end":{"line":270,"column":21}},"270":{"start":{"line":271,"column":0},"end":{"line":271,"column":48}},"271":{"start":{"line":272,"column":0},"end":{"line":272,"column":59}},"272":{"start":{"line":273,"column":0},"end":{"line":273,"column":15}},"273":{"start":{"line":274,"column":0},"end":{"line":274,"column":27}},"274":{"start":{"line":275,"column":0},"end":{"line":275,"column":34}},"275":{"start":{"line":276,"column":0},"end":{"line":276,"column":5}},"276":{"start":{"line":277,"column":0},"end":{"line":277,"column":4}},"278":{"start":{"line":279,"column":0},"end":{"line":279,"column":40}},"279":{"start":{"line":280,"column":0},"end":{"line":280,"column":29}},"281":{"start":{"line":282,"column":0},"end":{"line":282,"column":27}},"282":{"start":{"line":283,"column":0},"end":{"line":283,"column":9}},"283":{"start":{"line":284,"column":0},"end":{"line":284,"column":54}},"284":{"start":{"line":285,"column":0},"end":{"line":285,"column":20}},"285":{"start":{"line":286,"column":0},"end":{"line":286,"column":54}},"286":{"start":{"line":287,"column":0},"end":{"line":287,"column":51}},"288":{"start":{"line":289,"column":0},"end":{"line":289,"column":19}},"289":{"start":{"line":290,"column":0},"end":{"line":290,"column":21}},"290":{"start":{"line":291,"column":0},"end":{"line":291,"column":87}},"292":{"start":{"line":293,"column":0},"end":{"line":293,"column":14}},"293":{"start":{"line":294,"column":0},"end":{"line":294,"column":26}},"294":{"start":{"line":295,"column":0},"end":{"line":295,"column":7}},"295":{"start":{"line":296,"column":0},"end":{"line":296,"column":26}},"296":{"start":{"line":297,"column":0},"end":{"line":297,"column":21}},"297":{"start":{"line":298,"column":0},"end":{"line":298,"column":56}},"298":{"start":{"line":299,"column":0},"end":{"line":299,"column":56}},"299":{"start":{"line":300,"column":0},"end":{"line":300,"column":15}},"300":{"start":{"line":301,"column":0},"end":{"line":301,"column":30}},"301":{"start":{"line":302,"column":0},"end":{"line":302,"column":5}},"302":{"start":{"line":303,"column":0},"end":{"line":303,"column":4}},"304":{"start":{"line":305,"column":0},"end":{"line":305,"column":24}},"305":{"start":{"line":306,"column":0},"end":{"line":306,"column":26}},"306":{"start":{"line":307,"column":0},"end":{"line":307,"column":28}},"307":{"start":{"line":308,"column":0},"end":{"line":308,"column":14}},"308":{"start":{"line":309,"column":0},"end":{"line":309,"column":51}},"309":{"start":{"line":310,"column":0},"end":{"line":310,"column":8}},"310":{"start":{"line":311,"column":0},"end":{"line":311,"column":4}},"312":{"start":{"line":313,"column":0},"end":{"line":313,"column":42}},"313":{"start":{"line":314,"column":0},"end":{"line":314,"column":28}},"314":{"start":{"line":315,"column":0},"end":{"line":315,"column":14}},"315":{"start":{"line":316,"column":0},"end":{"line":316,"column":62}},"316":{"start":{"line":317,"column":0},"end":{"line":317,"column":8}},"317":{"start":{"line":318,"column":0},"end":{"line":318,"column":4}},"319":{"start":{"line":320,"column":0},"end":{"line":320,"column":56}},"320":{"start":{"line":321,"column":0},"end":{"line":321,"column":28}},"321":{"start":{"line":322,"column":0},"end":{"line":322,"column":14}},"322":{"start":{"line":323,"column":0},"end":{"line":323,"column":76}},"323":{"start":{"line":324,"column":0},"end":{"line":324,"column":8}},"324":{"start":{"line":325,"column":0},"end":{"line":325,"column":4}},"326":{"start":{"line":327,"column":0},"end":{"line":327,"column":34}},"327":{"start":{"line":328,"column":0},"end":{"line":328,"column":28}},"328":{"start":{"line":329,"column":0},"end":{"line":329,"column":14}},"329":{"start":{"line":330,"column":0},"end":{"line":330,"column":51}},"330":{"start":{"line":331,"column":0},"end":{"line":331,"column":8}},"331":{"start":{"line":332,"column":0},"end":{"line":332,"column":4}},"333":{"start":{"line":334,"column":0},"end":{"line":334,"column":50}},"334":{"start":{"line":335,"column":0},"end":{"line":335,"column":28}},"335":{"start":{"line":336,"column":0},"end":{"line":336,"column":14}},"336":{"start":{"line":337,"column":0},"end":{"line":337,"column":72}},"337":{"start":{"line":338,"column":0},"end":{"line":338,"column":8}},"338":{"start":{"line":339,"column":0},"end":{"line":339,"column":4}},"340":{"start":{"line":341,"column":0},"end":{"line":341,"column":65}},"341":{"start":{"line":342,"column":0},"end":{"line":342,"column":28}},"342":{"start":{"line":343,"column":0},"end":{"line":343,"column":14}},"343":{"start":{"line":344,"column":0},"end":{"line":344,"column":55}},"344":{"start":{"line":345,"column":0},"end":{"line":345,"column":32}},"346":{"start":{"line":347,"column":0},"end":{"line":347,"column":8}},"347":{"start":{"line":348,"column":0},"end":{"line":348,"column":4}},"349":{"start":{"line":350,"column":0},"end":{"line":350,"column":28}},"350":{"start":{"line":351,"column":0},"end":{"line":351,"column":28}},"351":{"start":{"line":352,"column":0},"end":{"line":352,"column":14}},"352":{"start":{"line":353,"column":0},"end":{"line":353,"column":51}},"353":{"start":{"line":354,"column":0},"end":{"line":354,"column":8}},"354":{"start":{"line":355,"column":0},"end":{"line":355,"column":4}},"356":{"start":{"line":357,"column":0},"end":{"line":357,"column":44}},"357":{"start":{"line":358,"column":0},"end":{"line":358,"column":28}},"358":{"start":{"line":359,"column":0},"end":{"line":359,"column":14}},"359":{"start":{"line":360,"column":0},"end":{"line":360,"column":62}},"360":{"start":{"line":361,"column":0},"end":{"line":361,"column":8}},"361":{"start":{"line":362,"column":0},"end":{"line":362,"column":4}},"363":{"start":{"line":364,"column":0},"end":{"line":364,"column":58}},"364":{"start":{"line":365,"column":0},"end":{"line":365,"column":28}},"365":{"start":{"line":366,"column":0},"end":{"line":366,"column":14}},"366":{"start":{"line":367,"column":0},"end":{"line":367,"column":76}},"367":{"start":{"line":368,"column":0},"end":{"line":368,"column":8}},"368":{"start":{"line":369,"column":0},"end":{"line":369,"column":4}},"370":{"start":{"line":371,"column":0},"end":{"line":371,"column":18}},"371":{"start":{"line":372,"column":0},"end":{"line":372,"column":32}},"372":{"start":{"line":373,"column":0},"end":{"line":373,"column":12}},"373":{"start":{"line":374,"column":0},"end":{"line":374,"column":190}},"374":{"start":{"line":375,"column":0},"end":{"line":375,"column":169}},"375":{"start":{"line":376,"column":0},"end":{"line":376,"column":51}},"376":{"start":{"line":377,"column":0},"end":{"line":377,"column":19}},"377":{"start":{"line":378,"column":0},"end":{"line":378,"column":50}},"378":{"start":{"line":379,"column":0},"end":{"line":379,"column":140}},"380":{"start":{"line":381,"column":0},"end":{"line":381,"column":39}},"382":{"start":{"line":383,"column":0},"end":{"line":383,"column":66}},"383":{"start":{"line":384,"column":0},"end":{"line":384,"column":50}},"386":{"start":{"line":387,"column":0},"end":{"line":387,"column":17}},"387":{"start":{"line":388,"column":0},"end":{"line":388,"column":29}},"388":{"start":{"line":389,"column":0},"end":{"line":389,"column":225}},"389":{"start":{"line":390,"column":0},"end":{"line":390,"column":11}},"393":{"start":{"line":394,"column":0},"end":{"line":394,"column":41}},"394":{"start":{"line":395,"column":0},"end":{"line":395,"column":17}},"395":{"start":{"line":396,"column":0},"end":{"line":396,"column":27}},"396":{"start":{"line":397,"column":0},"end":{"line":397,"column":46}},"397":{"start":{"line":398,"column":0},"end":{"line":398,"column":59}},"402":{"start":{"line":403,"column":0},"end":{"line":403,"column":3}},"404":{"start":{"line":405,"column":0},"end":{"line":405,"column":10}},"405":{"start":{"line":406,"column":0},"end":{"line":406,"column":234}},"407":{"start":{"line":408,"column":0},"end":{"line":408,"column":125}},"410":{"start":{"line":411,"column":0},"end":{"line":411,"column":175}},"411":{"start":{"line":412,"column":0},"end":{"line":412,"column":49}},"412":{"start":{"line":413,"column":0},"end":{"line":413,"column":211}},"413":{"start":{"line":414,"column":0},"end":{"line":414,"column":59}},"415":{"start":{"line":416,"column":0},"end":{"line":416,"column":15}},"416":{"start":{"line":417,"column":0},"end":{"line":417,"column":66}},"417":{"start":{"line":418,"column":0},"end":{"line":418,"column":63}},"419":{"start":{"line":420,"column":0},"end":{"line":420,"column":54}},"420":{"start":{"line":421,"column":0},"end":{"line":421,"column":39}},"424":{"start":{"line":425,"column":0},"end":{"line":425,"column":49}},"425":{"start":{"line":426,"column":0},"end":{"line":426,"column":27}},"426":{"start":{"line":427,"column":0},"end":{"line":427,"column":19}},"427":{"start":{"line":428,"column":0},"end":{"line":428,"column":49}},"428":{"start":{"line":429,"column":0},"end":{"line":429,"column":161}},"429":{"start":{"line":430,"column":0},"end":{"line":430,"column":34}},"431":{"start":{"line":432,"column":0},"end":{"line":432,"column":43}},"434":{"start":{"line":435,"column":0},"end":{"line":435,"column":17}},"435":{"start":{"line":436,"column":0},"end":{"line":436,"column":29}},"436":{"start":{"line":437,"column":0},"end":{"line":437,"column":138}},"438":{"start":{"line":439,"column":0},"end":{"line":439,"column":37}},"443":{"start":{"line":444,"column":0},"end":{"line":444,"column":37}},"445":{"start":{"line":446,"column":0},"end":{"line":446,"column":24}},"446":{"start":{"line":447,"column":0},"end":{"line":447,"column":38}},"447":{"start":{"line":448,"column":0},"end":{"line":448,"column":19}},"448":{"start":{"line":449,"column":0},"end":{"line":449,"column":34}},"449":{"start":{"line":450,"column":0},"end":{"line":450,"column":33}},"450":{"start":{"line":451,"column":0},"end":{"line":451,"column":304}},"452":{"start":{"line":453,"column":0},"end":{"line":453,"column":42}},"453":{"start":{"line":454,"column":0},"end":{"line":454,"column":55}},"455":{"start":{"line":456,"column":0},"end":{"line":456,"column":19}},"456":{"start":{"line":457,"column":0},"end":{"line":457,"column":40}},"457":{"start":{"line":458,"column":0},"end":{"line":458,"column":228}},"459":{"start":{"line":460,"column":0},"end":{"line":460,"column":45}},"465":{"start":{"line":466,"column":0},"end":{"line":466,"column":35}},"466":{"start":{"line":467,"column":0},"end":{"line":467,"column":25}},"467":{"start":{"line":468,"column":0},"end":{"line":468,"column":14}},"469":{"start":{"line":470,"column":0},"end":{"line":470,"column":41}},"470":{"start":{"line":471,"column":0},"end":{"line":471,"column":66}},"471":{"start":{"line":472,"column":0},"end":{"line":472,"column":22}},"472":{"start":{"line":473,"column":0},"end":{"line":473,"column":39}},"473":{"start":{"line":474,"column":0},"end":{"line":474,"column":34}},"474":{"start":{"line":475,"column":0},"end":{"line":475,"column":78}},"476":{"start":{"line":477,"column":0},"end":{"line":477,"column":109}},"477":{"start":{"line":478,"column":0},"end":{"line":478,"column":41}},"482":{"start":{"line":483,"column":0},"end":{"line":483,"column":41}},"483":{"start":{"line":484,"column":0},"end":{"line":484,"column":68}},"484":{"start":{"line":485,"column":0},"end":{"line":485,"column":23}},"485":{"start":{"line":486,"column":0},"end":{"line":486,"column":41}},"486":{"start":{"line":487,"column":0},"end":{"line":487,"column":34}},"487":{"start":{"line":488,"column":0},"end":{"line":488,"column":44}},"488":{"start":{"line":489,"column":0},"end":{"line":489,"column":30}},"489":{"start":{"line":490,"column":0},"end":{"line":490,"column":64}},"490":{"start":{"line":491,"column":0},"end":{"line":491,"column":23}},"492":{"start":{"line":493,"column":0},"end":{"line":493,"column":109}},"493":{"start":{"line":494,"column":0},"end":{"line":494,"column":46}},"498":{"start":{"line":499,"column":0},"end":{"line":499,"column":41}},"499":{"start":{"line":500,"column":0},"end":{"line":500,"column":69}},"500":{"start":{"line":501,"column":0},"end":{"line":501,"column":25}},"501":{"start":{"line":502,"column":0},"end":{"line":502,"column":42}},"502":{"start":{"line":503,"column":0},"end":{"line":503,"column":34}},"503":{"start":{"line":504,"column":0},"end":{"line":504,"column":44}},"504":{"start":{"line":505,"column":0},"end":{"line":505,"column":30}},"505":{"start":{"line":506,"column":0},"end":{"line":506,"column":46}},"506":{"start":{"line":507,"column":0},"end":{"line":507,"column":23}},"508":{"start":{"line":509,"column":0},"end":{"line":509,"column":26}},"509":{"start":{"line":510,"column":0},"end":{"line":510,"column":281}},"510":{"start":{"line":511,"column":0},"end":{"line":511,"column":58}},"515":{"start":{"line":516,"column":0},"end":{"line":516,"column":14}},"516":{"start":{"line":517,"column":0},"end":{"line":517,"column":70}},"517":{"start":{"line":518,"column":0},"end":{"line":518,"column":40}},"518":{"start":{"line":519,"column":0},"end":{"line":519,"column":73}},"519":{"start":{"line":520,"column":0},"end":{"line":520,"column":47}},"521":{"start":{"line":522,"column":0},"end":{"line":522,"column":57}},"524":{"start":{"line":525,"column":0},"end":{"line":525,"column":35}},"525":{"start":{"line":526,"column":0},"end":{"line":526,"column":117}},"526":{"start":{"line":527,"column":0},"end":{"line":527,"column":83}},"527":{"start":{"line":528,"column":0},"end":{"line":528,"column":51}},"535":{"start":{"line":536,"column":0},"end":{"line":536,"column":42}},"536":{"start":{"line":537,"column":0},"end":{"line":537,"column":19}},"537":{"start":{"line":538,"column":0},"end":{"line":538,"column":40}},"538":{"start":{"line":539,"column":0},"end":{"line":539,"column":38}},"539":{"start":{"line":540,"column":0},"end":{"line":540,"column":305}},"541":{"start":{"line":542,"column":0},"end":{"line":542,"column":46}},"542":{"start":{"line":543,"column":0},"end":{"line":543,"column":76}},"543":{"start":{"line":544,"column":0},"end":{"line":544,"column":70}},"549":{"start":{"line":550,"column":0},"end":{"line":550,"column":35}},"550":{"start":{"line":551,"column":0},"end":{"line":551,"column":51}},"551":{"start":{"line":552,"column":0},"end":{"line":552,"column":61}},"552":{"start":{"line":553,"column":0},"end":{"line":553,"column":60}},"554":{"start":{"line":555,"column":0},"end":{"line":555,"column":94}},"559":{"start":{"line":560,"column":0},"end":{"line":560,"column":25}},"560":{"start":{"line":561,"column":0},"end":{"line":561,"column":39}},"561":{"start":{"line":562,"column":0},"end":{"line":562,"column":41}},"562":{"start":{"line":563,"column":0},"end":{"line":563,"column":75}},"563":{"start":{"line":564,"column":0},"end":{"line":564,"column":22}},"564":{"start":{"line":565,"column":0},"end":{"line":565,"column":30}},"565":{"start":{"line":566,"column":0},"end":{"line":566,"column":48}},"566":{"start":{"line":567,"column":0},"end":{"line":567,"column":34}},"567":{"start":{"line":568,"column":0},"end":{"line":568,"column":44}},"568":{"start":{"line":569,"column":0},"end":{"line":569,"column":30}},"569":{"start":{"line":570,"column":0},"end":{"line":570,"column":74}},"570":{"start":{"line":571,"column":0},"end":{"line":571,"column":23}},"572":{"start":{"line":573,"column":0},"end":{"line":573,"column":109}},"573":{"start":{"line":574,"column":0},"end":{"line":574,"column":49}},"576":{"start":{"line":577,"column":0},"end":{"line":577,"column":41}},"577":{"start":{"line":578,"column":0},"end":{"line":578,"column":75}},"578":{"start":{"line":579,"column":0},"end":{"line":579,"column":22}},"579":{"start":{"line":580,"column":0},"end":{"line":580,"column":28}},"580":{"start":{"line":581,"column":0},"end":{"line":581,"column":48}},"581":{"start":{"line":582,"column":0},"end":{"line":582,"column":34}},"582":{"start":{"line":583,"column":0},"end":{"line":583,"column":44}},"583":{"start":{"line":584,"column":0},"end":{"line":584,"column":30}},"584":{"start":{"line":585,"column":0},"end":{"line":585,"column":74}},"585":{"start":{"line":586,"column":0},"end":{"line":586,"column":23}},"587":{"start":{"line":588,"column":0},"end":{"line":588,"column":109}},"588":{"start":{"line":589,"column":0},"end":{"line":589,"column":46}},"591":{"start":{"line":592,"column":0},"end":{"line":592,"column":41}},"592":{"start":{"line":593,"column":0},"end":{"line":593,"column":78}},"593":{"start":{"line":594,"column":0},"end":{"line":594,"column":22}},"594":{"start":{"line":595,"column":0},"end":{"line":595,"column":51}},"595":{"start":{"line":596,"column":0},"end":{"line":596,"column":34}},"596":{"start":{"line":597,"column":0},"end":{"line":597,"column":44}},"597":{"start":{"line":598,"column":0},"end":{"line":598,"column":30}},"598":{"start":{"line":599,"column":0},"end":{"line":599,"column":77}},"599":{"start":{"line":600,"column":0},"end":{"line":600,"column":23}},"601":{"start":{"line":602,"column":0},"end":{"line":602,"column":109}},"602":{"start":{"line":603,"column":0},"end":{"line":603,"column":56}},"605":{"start":{"line":606,"column":0},"end":{"line":606,"column":41}},"606":{"start":{"line":607,"column":0},"end":{"line":607,"column":76}},"607":{"start":{"line":608,"column":0},"end":{"line":608,"column":22}},"608":{"start":{"line":609,"column":0},"end":{"line":609,"column":49}},"609":{"start":{"line":610,"column":0},"end":{"line":610,"column":34}},"610":{"start":{"line":611,"column":0},"end":{"line":611,"column":44}},"611":{"start":{"line":612,"column":0},"end":{"line":612,"column":30}},"612":{"start":{"line":613,"column":0},"end":{"line":613,"column":75}},"613":{"start":{"line":614,"column":0},"end":{"line":614,"column":23}},"615":{"start":{"line":616,"column":0},"end":{"line":616,"column":109}},"616":{"start":{"line":617,"column":0},"end":{"line":617,"column":51}},"619":{"start":{"line":620,"column":0},"end":{"line":620,"column":54}},"620":{"start":{"line":621,"column":0},"end":{"line":621,"column":43}},"621":{"start":{"line":622,"column":0},"end":{"line":622,"column":76}},"622":{"start":{"line":623,"column":0},"end":{"line":623,"column":24}},"623":{"start":{"line":624,"column":0},"end":{"line":624,"column":50}},"624":{"start":{"line":625,"column":0},"end":{"line":625,"column":36}},"625":{"start":{"line":626,"column":0},"end":{"line":626,"column":46}},"626":{"start":{"line":627,"column":0},"end":{"line":627,"column":32}},"627":{"start":{"line":628,"column":0},"end":{"line":628,"column":77}},"628":{"start":{"line":629,"column":0},"end":{"line":629,"column":25}},"630":{"start":{"line":631,"column":0},"end":{"line":631,"column":111}},"631":{"start":{"line":632,"column":0},"end":{"line":632,"column":38}},"634":{"start":{"line":635,"column":0},"end":{"line":635,"column":43}},"635":{"start":{"line":636,"column":0},"end":{"line":636,"column":77}},"636":{"start":{"line":637,"column":0},"end":{"line":637,"column":25}},"637":{"start":{"line":638,"column":0},"end":{"line":638,"column":51}},"638":{"start":{"line":639,"column":0},"end":{"line":639,"column":36}},"639":{"start":{"line":640,"column":0},"end":{"line":640,"column":46}},"640":{"start":{"line":641,"column":0},"end":{"line":641,"column":32}},"641":{"start":{"line":642,"column":0},"end":{"line":642,"column":78}},"642":{"start":{"line":643,"column":0},"end":{"line":643,"column":25}},"644":{"start":{"line":645,"column":0},"end":{"line":645,"column":111}},"645":{"start":{"line":646,"column":0},"end":{"line":646,"column":30}},"646":{"start":{"line":647,"column":0},"end":{"line":647,"column":59}},"647":{"start":{"line":648,"column":0},"end":{"line":648,"column":35}},"654":{"start":{"line":655,"column":0},"end":{"line":655,"column":153}},"655":{"start":{"line":656,"column":0},"end":{"line":656,"column":41}},"656":{"start":{"line":657,"column":0},"end":{"line":657,"column":67}},"657":{"start":{"line":658,"column":0},"end":{"line":658,"column":65}},"658":{"start":{"line":659,"column":0},"end":{"line":659,"column":20}},"659":{"start":{"line":660,"column":0},"end":{"line":660,"column":60}},"660":{"start":{"line":661,"column":0},"end":{"line":661,"column":127}},"662":{"start":{"line":663,"column":0},"end":{"line":663,"column":43}},"666":{"start":{"line":667,"column":0},"end":{"line":667,"column":41}},"667":{"start":{"line":668,"column":0},"end":{"line":668,"column":67}},"668":{"start":{"line":669,"column":0},"end":{"line":669,"column":66}},"669":{"start":{"line":670,"column":0},"end":{"line":670,"column":85}},"672":{"start":{"line":673,"column":0},"end":{"line":673,"column":44}},"673":{"start":{"line":674,"column":0},"end":{"line":674,"column":67}},"674":{"start":{"line":675,"column":0},"end":{"line":675,"column":69}},"675":{"start":{"line":676,"column":0},"end":{"line":676,"column":20}},"676":{"start":{"line":677,"column":0},"end":{"line":677,"column":64}},"677":{"start":{"line":678,"column":0},"end":{"line":678,"column":35}},"678":{"start":{"line":679,"column":0},"end":{"line":679,"column":45}},"679":{"start":{"line":680,"column":0},"end":{"line":680,"column":127}},"681":{"start":{"line":682,"column":0},"end":{"line":682,"column":46}},"685":{"start":{"line":686,"column":0},"end":{"line":686,"column":42}},"686":{"start":{"line":687,"column":0},"end":{"line":687,"column":67}},"687":{"start":{"line":688,"column":0},"end":{"line":688,"column":67}},"688":{"start":{"line":689,"column":0},"end":{"line":689,"column":20}},"689":{"start":{"line":690,"column":0},"end":{"line":690,"column":62}},"690":{"start":{"line":691,"column":0},"end":{"line":691,"column":35}},"691":{"start":{"line":692,"column":0},"end":{"line":692,"column":45}},"692":{"start":{"line":693,"column":0},"end":{"line":693,"column":127}},"694":{"start":{"line":695,"column":0},"end":{"line":695,"column":44}},"698":{"start":{"line":699,"column":0},"end":{"line":699,"column":65}},"699":{"start":{"line":700,"column":0},"end":{"line":700,"column":65}},"700":{"start":{"line":701,"column":0},"end":{"line":701,"column":53}},"701":{"start":{"line":702,"column":0},"end":{"line":702,"column":77}},"702":{"start":{"line":703,"column":0},"end":{"line":703,"column":76}},"703":{"start":{"line":704,"column":0},"end":{"line":704,"column":54}},"711":{"start":{"line":712,"column":0},"end":{"line":712,"column":35}},"712":{"start":{"line":713,"column":0},"end":{"line":713,"column":51}},"713":{"start":{"line":714,"column":0},"end":{"line":714,"column":63}},"714":{"start":{"line":715,"column":0},"end":{"line":715,"column":67}},"716":{"start":{"line":717,"column":0},"end":{"line":717,"column":94}},"721":{"start":{"line":722,"column":0},"end":{"line":722,"column":25}},"722":{"start":{"line":723,"column":0},"end":{"line":723,"column":39}},"723":{"start":{"line":724,"column":0},"end":{"line":724,"column":41}},"724":{"start":{"line":725,"column":0},"end":{"line":725,"column":83}},"725":{"start":{"line":726,"column":0},"end":{"line":726,"column":23}},"726":{"start":{"line":727,"column":0},"end":{"line":727,"column":48}},"727":{"start":{"line":728,"column":0},"end":{"line":728,"column":34}},"728":{"start":{"line":729,"column":0},"end":{"line":729,"column":44}},"729":{"start":{"line":730,"column":0},"end":{"line":730,"column":30}},"730":{"start":{"line":731,"column":0},"end":{"line":731,"column":68}},"731":{"start":{"line":732,"column":0},"end":{"line":732,"column":23}},"733":{"start":{"line":734,"column":0},"end":{"line":734,"column":109}},"734":{"start":{"line":735,"column":0},"end":{"line":735,"column":42}},"737":{"start":{"line":738,"column":0},"end":{"line":738,"column":41}},"738":{"start":{"line":739,"column":0},"end":{"line":739,"column":85}},"739":{"start":{"line":740,"column":0},"end":{"line":740,"column":23}},"740":{"start":{"line":741,"column":0},"end":{"line":741,"column":50}},"741":{"start":{"line":742,"column":0},"end":{"line":742,"column":34}},"742":{"start":{"line":743,"column":0},"end":{"line":743,"column":44}},"743":{"start":{"line":744,"column":0},"end":{"line":744,"column":30}},"744":{"start":{"line":745,"column":0},"end":{"line":745,"column":72}},"745":{"start":{"line":746,"column":0},"end":{"line":746,"column":23}},"747":{"start":{"line":748,"column":0},"end":{"line":748,"column":109}},"748":{"start":{"line":749,"column":0},"end":{"line":749,"column":45}},"751":{"start":{"line":752,"column":0},"end":{"line":752,"column":54}},"752":{"start":{"line":753,"column":0},"end":{"line":753,"column":43}},"753":{"start":{"line":754,"column":0},"end":{"line":754,"column":64}},"756":{"start":{"line":757,"column":0},"end":{"line":757,"column":24}},"757":{"start":{"line":758,"column":0},"end":{"line":758,"column":33}},"758":{"start":{"line":759,"column":0},"end":{"line":759,"column":27}},"759":{"start":{"line":760,"column":0},"end":{"line":760,"column":56}},"760":{"start":{"line":761,"column":0},"end":{"line":761,"column":36}},"761":{"start":{"line":762,"column":0},"end":{"line":762,"column":46}},"762":{"start":{"line":763,"column":0},"end":{"line":763,"column":32}},"763":{"start":{"line":764,"column":0},"end":{"line":764,"column":60}},"764":{"start":{"line":765,"column":0},"end":{"line":765,"column":25}},"766":{"start":{"line":767,"column":0},"end":{"line":767,"column":111}},"767":{"start":{"line":768,"column":0},"end":{"line":768,"column":39}},"770":{"start":{"line":771,"column":0},"end":{"line":771,"column":43}},"771":{"start":{"line":772,"column":0},"end":{"line":772,"column":64}},"774":{"start":{"line":775,"column":0},"end":{"line":775,"column":24}},"775":{"start":{"line":776,"column":0},"end":{"line":776,"column":33}},"776":{"start":{"line":777,"column":0},"end":{"line":777,"column":27}},"777":{"start":{"line":778,"column":0},"end":{"line":778,"column":31}},"778":{"start":{"line":779,"column":0},"end":{"line":779,"column":46}},"779":{"start":{"line":780,"column":0},"end":{"line":780,"column":36}},"780":{"start":{"line":781,"column":0},"end":{"line":781,"column":46}},"781":{"start":{"line":782,"column":0},"end":{"line":782,"column":32}},"782":{"start":{"line":783,"column":0},"end":{"line":783,"column":50}},"783":{"start":{"line":784,"column":0},"end":{"line":784,"column":25}},"785":{"start":{"line":786,"column":0},"end":{"line":786,"column":111}},"786":{"start":{"line":787,"column":0},"end":{"line":787,"column":38}},"790":{"start":{"line":791,"column":0},"end":{"line":791,"column":41}},"791":{"start":{"line":792,"column":0},"end":{"line":792,"column":85}},"792":{"start":{"line":793,"column":0},"end":{"line":793,"column":23}},"793":{"start":{"line":794,"column":0},"end":{"line":794,"column":50}},"794":{"start":{"line":795,"column":0},"end":{"line":795,"column":34}},"795":{"start":{"line":796,"column":0},"end":{"line":796,"column":44}},"796":{"start":{"line":797,"column":0},"end":{"line":797,"column":30}},"797":{"start":{"line":798,"column":0},"end":{"line":798,"column":54}},"798":{"start":{"line":799,"column":0},"end":{"line":799,"column":23}},"800":{"start":{"line":801,"column":0},"end":{"line":801,"column":109}},"801":{"start":{"line":802,"column":0},"end":{"line":802,"column":79}},"806":{"start":{"line":807,"column":0},"end":{"line":807,"column":14}},"807":{"start":{"line":808,"column":0},"end":{"line":808,"column":54}},"808":{"start":{"line":809,"column":0},"end":{"line":809,"column":117}},"809":{"start":{"line":810,"column":0},"end":{"line":810,"column":91}},"810":{"start":{"line":811,"column":0},"end":{"line":811,"column":57}},"811":{"start":{"line":812,"column":0},"end":{"line":812,"column":46}},"813":{"start":{"line":814,"column":0},"end":{"line":814,"column":71}},"814":{"start":{"line":815,"column":0},"end":{"line":815,"column":43}},"817":{"start":{"line":818,"column":0},"end":{"line":818,"column":117}},"818":{"start":{"line":819,"column":0},"end":{"line":819,"column":91}},"819":{"start":{"line":820,"column":0},"end":{"line":820,"column":53}},"820":{"start":{"line":821,"column":0},"end":{"line":821,"column":43}},"822":{"start":{"line":823,"column":0},"end":{"line":823,"column":63}},"823":{"start":{"line":824,"column":0},"end":{"line":824,"column":48}},"824":{"start":{"line":825,"column":0},"end":{"line":825,"column":62}},"825":{"start":{"line":826,"column":0},"end":{"line":826,"column":40}},"829":{"start":{"line":830,"column":0},"end":{"line":830,"column":54}},"830":{"start":{"line":831,"column":0},"end":{"line":831,"column":117}},"831":{"start":{"line":832,"column":0},"end":{"line":832,"column":91}},"832":{"start":{"line":833,"column":0},"end":{"line":833,"column":54}},"833":{"start":{"line":834,"column":0},"end":{"line":834,"column":42}},"835":{"start":{"line":836,"column":0},"end":{"line":836,"column":46}},"836":{"start":{"line":837,"column":0},"end":{"line":837,"column":70}},"838":{"start":{"line":839,"column":0},"end":{"line":839,"column":76}},"841":{"start":{"line":842,"column":0},"end":{"line":842,"column":117}},"842":{"start":{"line":843,"column":0},"end":{"line":843,"column":91}},"843":{"start":{"line":844,"column":0},"end":{"line":844,"column":58}},"844":{"start":{"line":845,"column":0},"end":{"line":845,"column":42}},"846":{"start":{"line":847,"column":0},"end":{"line":847,"column":40}},"847":{"start":{"line":848,"column":0},"end":{"line":848,"column":66}},"848":{"start":{"line":849,"column":0},"end":{"line":849,"column":42}},"849":{"start":{"line":850,"column":0},"end":{"line":850,"column":81}},"852":{"start":{"line":853,"column":0},"end":{"line":853,"column":79}},"861":{"start":{"line":862,"column":0},"end":{"line":862,"column":35}},"862":{"start":{"line":863,"column":0},"end":{"line":863,"column":61}},"863":{"start":{"line":864,"column":0},"end":{"line":864,"column":53}},"864":{"start":{"line":865,"column":0},"end":{"line":865,"column":64}},"865":{"start":{"line":866,"column":0},"end":{"line":866,"column":87}},"867":{"start":{"line":868,"column":0},"end":{"line":868,"column":96}},"871":{"start":{"line":872,"column":0},"end":{"line":872,"column":28}},"872":{"start":{"line":873,"column":0},"end":{"line":873,"column":21}},"873":{"start":{"line":874,"column":0},"end":{"line":874,"column":36}},"874":{"start":{"line":875,"column":0},"end":{"line":875,"column":135}},"876":{"start":{"line":877,"column":0},"end":{"line":877,"column":48}},"881":{"start":{"line":882,"column":0},"end":{"line":882,"column":25}},"882":{"start":{"line":883,"column":0},"end":{"line":883,"column":39}},"883":{"start":{"line":884,"column":0},"end":{"line":884,"column":55}},"884":{"start":{"line":885,"column":0},"end":{"line":885,"column":65}},"885":{"start":{"line":886,"column":0},"end":{"line":886,"column":24}},"886":{"start":{"line":887,"column":0},"end":{"line":887,"column":40}},"887":{"start":{"line":888,"column":0},"end":{"line":888,"column":70}},"888":{"start":{"line":889,"column":0},"end":{"line":889,"column":118}},"889":{"start":{"line":890,"column":0},"end":{"line":890,"column":46}},"891":{"start":{"line":892,"column":0},"end":{"line":892,"column":25}},"892":{"start":{"line":893,"column":0},"end":{"line":893,"column":52}},"893":{"start":{"line":894,"column":0},"end":{"line":894,"column":155}},"895":{"start":{"line":896,"column":0},"end":{"line":896,"column":49}},"899":{"start":{"line":900,"column":0},"end":{"line":900,"column":51}},"900":{"start":{"line":901,"column":0},"end":{"line":901,"column":80}},"903":{"start":{"line":904,"column":0},"end":{"line":904,"column":46}},"904":{"start":{"line":905,"column":0},"end":{"line":905,"column":153}},"905":{"start":{"line":906,"column":0},"end":{"line":906,"column":54}},"906":{"start":{"line":907,"column":0},"end":{"line":907,"column":75}},"907":{"start":{"line":908,"column":0},"end":{"line":908,"column":69}},"908":{"start":{"line":909,"column":0},"end":{"line":909,"column":76}},"913":{"start":{"line":914,"column":0},"end":{"line":914,"column":80}},"918":{"start":{"line":919,"column":0},"end":{"line":919,"column":35}},"919":{"start":{"line":920,"column":0},"end":{"line":920,"column":61}},"920":{"start":{"line":921,"column":0},"end":{"line":921,"column":53}},"921":{"start":{"line":922,"column":0},"end":{"line":922,"column":65}},"922":{"start":{"line":923,"column":0},"end":{"line":923,"column":86}},"924":{"start":{"line":925,"column":0},"end":{"line":925,"column":96}},"928":{"start":{"line":929,"column":0},"end":{"line":929,"column":28}},"929":{"start":{"line":930,"column":0},"end":{"line":930,"column":21}},"930":{"start":{"line":931,"column":0},"end":{"line":931,"column":34}},"931":{"start":{"line":932,"column":0},"end":{"line":932,"column":139}},"933":{"start":{"line":934,"column":0},"end":{"line":934,"column":48}},"938":{"start":{"line":939,"column":0},"end":{"line":939,"column":25}},"939":{"start":{"line":940,"column":0},"end":{"line":940,"column":39}},"940":{"start":{"line":941,"column":0},"end":{"line":941,"column":53}},"941":{"start":{"line":942,"column":0},"end":{"line":942,"column":65}},"942":{"start":{"line":943,"column":0},"end":{"line":943,"column":24}},"943":{"start":{"line":944,"column":0},"end":{"line":944,"column":38}},"944":{"start":{"line":945,"column":0},"end":{"line":945,"column":68}},"945":{"start":{"line":946,"column":0},"end":{"line":946,"column":118}},"946":{"start":{"line":947,"column":0},"end":{"line":947,"column":44}},"948":{"start":{"line":949,"column":0},"end":{"line":949,"column":25}},"949":{"start":{"line":950,"column":0},"end":{"line":950,"column":50}},"950":{"start":{"line":951,"column":0},"end":{"line":951,"column":155}},"952":{"start":{"line":953,"column":0},"end":{"line":953,"column":49}},"956":{"start":{"line":957,"column":0},"end":{"line":957,"column":51}},"957":{"start":{"line":958,"column":0},"end":{"line":958,"column":77}},"961":{"start":{"line":962,"column":0},"end":{"line":962,"column":50}},"962":{"start":{"line":963,"column":0},"end":{"line":963,"column":52}},"963":{"start":{"line":964,"column":0},"end":{"line":964,"column":22}},"964":{"start":{"line":965,"column":0},"end":{"line":965,"column":25}},"965":{"start":{"line":966,"column":0},"end":{"line":966,"column":35}},"966":{"start":{"line":967,"column":0},"end":{"line":967,"column":145}},"968":{"start":{"line":969,"column":0},"end":{"line":969,"column":30}},"971":{"start":{"line":972,"column":0},"end":{"line":972,"column":50}},"972":{"start":{"line":973,"column":0},"end":{"line":973,"column":84}},"979":{"start":{"line":980,"column":0},"end":{"line":980,"column":35}},"980":{"start":{"line":981,"column":0},"end":{"line":981,"column":61}},"981":{"start":{"line":982,"column":0},"end":{"line":982,"column":53}},"982":{"start":{"line":983,"column":0},"end":{"line":983,"column":64}},"983":{"start":{"line":984,"column":0},"end":{"line":984,"column":84}},"985":{"start":{"line":986,"column":0},"end":{"line":986,"column":96}},"989":{"start":{"line":990,"column":0},"end":{"line":990,"column":28}},"990":{"start":{"line":991,"column":0},"end":{"line":991,"column":21}},"991":{"start":{"line":992,"column":0},"end":{"line":992,"column":42}},"992":{"start":{"line":993,"column":0},"end":{"line":993,"column":135}},"994":{"start":{"line":995,"column":0},"end":{"line":995,"column":48}},"999":{"start":{"line":1000,"column":0},"end":{"line":1000,"column":25}},"1000":{"start":{"line":1001,"column":0},"end":{"line":1001,"column":39}},"1001":{"start":{"line":1002,"column":0},"end":{"line":1002,"column":57}},"1002":{"start":{"line":1003,"column":0},"end":{"line":1003,"column":65}},"1003":{"start":{"line":1004,"column":0},"end":{"line":1004,"column":24}},"1004":{"start":{"line":1005,"column":0},"end":{"line":1005,"column":32}},"1005":{"start":{"line":1006,"column":0},"end":{"line":1006,"column":76}},"1006":{"start":{"line":1007,"column":0},"end":{"line":1007,"column":118}},"1007":{"start":{"line":1008,"column":0},"end":{"line":1008,"column":52}},"1009":{"start":{"line":1010,"column":0},"end":{"line":1010,"column":25}},"1010":{"start":{"line":1011,"column":0},"end":{"line":1011,"column":58}},"1011":{"start":{"line":1012,"column":0},"end":{"line":1012,"column":155}},"1013":{"start":{"line":1014,"column":0},"end":{"line":1014,"column":49}},"1017":{"start":{"line":1018,"column":0},"end":{"line":1018,"column":56}},"1018":{"start":{"line":1019,"column":0},"end":{"line":1019,"column":85}},"1021":{"start":{"line":1022,"column":0},"end":{"line":1022,"column":51}},"1022":{"start":{"line":1023,"column":0},"end":{"line":1023,"column":50}},"1023":{"start":{"line":1024,"column":0},"end":{"line":1024,"column":56}},"1024":{"start":{"line":1025,"column":0},"end":{"line":1025,"column":22}},"1025":{"start":{"line":1026,"column":0},"end":{"line":1026,"column":25}},"1026":{"start":{"line":1027,"column":0},"end":{"line":1027,"column":35}},"1027":{"start":{"line":1028,"column":0},"end":{"line":1028,"column":140}},"1029":{"start":{"line":1030,"column":0},"end":{"line":1030,"column":52}},"1030":{"start":{"line":1031,"column":0},"end":{"line":1031,"column":24}},"1035":{"start":{"line":1036,"column":0},"end":{"line":1036,"column":82}},"1040":{"start":{"line":1041,"column":0},"end":{"line":1041,"column":25}},"1041":{"start":{"line":1042,"column":0},"end":{"line":1042,"column":67}},"1042":{"start":{"line":1043,"column":0},"end":{"line":1043,"column":53}},"1043":{"start":{"line":1044,"column":0},"end":{"line":1044,"column":64}},"1044":{"start":{"line":1045,"column":0},"end":{"line":1045,"column":67}},"1046":{"start":{"line":1047,"column":0},"end":{"line":1047,"column":96}},"1050":{"start":{"line":1051,"column":0},"end":{"line":1051,"column":161}},"1051":{"start":{"line":1052,"column":0},"end":{"line":1052,"column":64}},"1052":{"start":{"line":1053,"column":0},"end":{"line":1053,"column":73}},"1053":{"start":{"line":1054,"column":0},"end":{"line":1054,"column":53}},"1054":{"start":{"line":1055,"column":0},"end":{"line":1055,"column":72}},"1057":{"start":{"line":1058,"column":0},"end":{"line":1058,"column":64}},"1058":{"start":{"line":1059,"column":0},"end":{"line":1059,"column":72}},"1059":{"start":{"line":1060,"column":0},"end":{"line":1060,"column":53}},"1060":{"start":{"line":1061,"column":0},"end":{"line":1061,"column":69}},"1063":{"start":{"line":1064,"column":0},"end":{"line":1064,"column":64}},"1064":{"start":{"line":1065,"column":0},"end":{"line":1065,"column":70}},"1065":{"start":{"line":1066,"column":0},"end":{"line":1066,"column":94}},"1066":{"start":{"line":1067,"column":0},"end":{"line":1067,"column":31}},"1074":{"start":{"line":1075,"column":0},"end":{"line":1075,"column":25}},"1075":{"start":{"line":1076,"column":0},"end":{"line":1076,"column":57}},"1076":{"start":{"line":1077,"column":0},"end":{"line":1077,"column":35}},"1077":{"start":{"line":1078,"column":0},"end":{"line":1078,"column":21}},"1078":{"start":{"line":1079,"column":0},"end":{"line":1079,"column":58}},"1079":{"start":{"line":1080,"column":0},"end":{"line":1080,"column":263}},"1081":{"start":{"line":1082,"column":0},"end":{"line":1082,"column":46}},"1085":{"start":{"line":1086,"column":0},"end":{"line":1086,"column":95}},"1086":{"start":{"line":1087,"column":0},"end":{"line":1087,"column":88}},"1087":{"start":{"line":1088,"column":0},"end":{"line":1088,"column":48}},"1088":{"start":{"line":1089,"column":0},"end":{"line":1089,"column":77}},"1090":{"start":{"line":1091,"column":0},"end":{"line":1091,"column":55}},"1094":{"start":{"line":1095,"column":0},"end":{"line":1095,"column":44}},"1095":{"start":{"line":1096,"column":0},"end":{"line":1096,"column":25}},"1096":{"start":{"line":1097,"column":0},"end":{"line":1097,"column":63}},"1097":{"start":{"line":1098,"column":0},"end":{"line":1098,"column":249}},"1098":{"start":{"line":1099,"column":0},"end":{"line":1099,"column":19}},"1101":{"start":{"line":1102,"column":0},"end":{"line":1102,"column":25}},"1102":{"start":{"line":1103,"column":0},"end":{"line":1103,"column":42}},"1103":{"start":{"line":1104,"column":0},"end":{"line":1104,"column":41}},"1104":{"start":{"line":1105,"column":0},"end":{"line":1105,"column":227}},"1106":{"start":{"line":1107,"column":0},"end":{"line":1107,"column":64}},"1116":{"start":{"line":1117,"column":0},"end":{"line":1117,"column":1}}},"s":{"0":1,"3":1,"4":1,"5":1,"28":1,"29":1,"30":1,"31":1,"32":1,"39":1,"46":1,"47":1,"79":76,"80":76,"81":76,"82":76,"83":76,"84":76,"85":76,"86":76,"87":76,"88":76,"89":76,"90
[...]
,"/workspaces/aimory-talent-pool/frontend/web/src/lib/theme.tsx": {"path":"/workspaces/aimory-talent-pool/frontend/web/src/lib/theme.tsx","all":false,"statementMap":{"0":{"start":{"line":1,"column":0},"end":{"line":1,"column":71}},"10":{"start":{"line":11,"column":0},"end":{"line":11,"column":76}},"12":{"start":{"line":13,"column":0},"end":{"line":13,"column":45}},"13":{"start":{"line":14,"column":0},"end":{"line":14,"column":51}},"14":{"start":{"line":15,"column":0},"end":{"line":15,"column":66}},"15":{"start":{"line":16,"column":0},"end":{"line":16,"column":12}},"16":{"start":{"line":17,"column":0},"end":{"line":17,"column":14}},"17":{"start":{"line":18,"column":0},"end":{"line":18,"column":1}},"19":{"start":{"line":20,"column":0},"end":{"line":20,"column":76}},"20":{"start":{"line":21,"column":0},"end":{"line":21,"column":56}},"21":{"start":{"line":22,"column":0},"end":{"line":22,"column":53}},"22":{"start":{"line":23,"column":0},"end":{"line":23,"column":65}},"23":{"start":{"line":24,"column":0},"end":{"line":24,"column":79}},"24":{"start":{"line":25,"column":0},"end":{"line":25,"column":5}},"26":{"start":{"line":27,"column":0},"end":{"line":27,"column":78}},"27":{"start":{"line":28,"column":0},"end":{"line":28,"column":52}},"28":{"start":{"line":29,"column":0},"end":{"line":29,"column":17}},"29":{"start":{"line":30,"column":0},"end":{"line":30,"column":5}},"31":{"start":{"line":32,"column":0},"end":{"line":32,"column":19}},"32":{"start":{"line":33,"column":0},"end":{"line":33,"column":49}},"34":{"start":{"line":35,"column":0},"end":{"line":35,"column":64}},"35":{"start":{"line":36,"column":0},"end":{"line":36,"column":42}},"37":{"start":{"line":38,"column":0},"end":{"line":38,"column":44}},"38":{"start":{"line":39,"column":0},"end":{"line":39,"column":27}},"40":{"start":{"line":41,"column":0},"end":{"line":41,"column":42}},"41":{"start":{"line":42,"column":0},"end":{"line":42,"column":41}},"42":{"start":{"line":43,"column":0},"end":{"line":43,"column":29}},"43":{"start":{"line":44,"column":0},"end":{"line":44,"column":40}},"44":{"start":{"line":45,"column":0},"end":{"line":45,"column":12}},"45":{"start":{"line":46,"column":0},"end":{"line":46,"column":29}},"46":{"start":{"line":47,"column":0},"end":{"line":47,"column":5}},"48":{"start":{"line":49,"column":0},"end":{"line":49,"column":45}},"49":{"start":{"line":50,"column":0},"end":{"line":50,"column":43}},"50":{"start":{"line":51,"column":0},"end":{"line":51,"column":39}},"51":{"start":{"line":52,"column":0},"end":{"line":52,"column":63}},"52":{"start":{"line":53,"column":0},"end":{"line":53,"column":37}},"54":{"start":{"line":55,"column":0},"end":{"line":55,"column":50}},"55":{"start":{"line":56,"column":0},"end":{"line":56,"column":78}},"56":{"start":{"line":57,"column":0},"end":{"line":57,"column":25}},"57":{"start":{"line":58,"column":0},"end":{"line":58,"column":34}},"58":{"start":{"line":59,"column":0},"end":{"line":59,"column":18}},"59":{"start":{"line":60,"column":0},"end":{"line":60,"column":58}},"61":{"start":{"line":62,"column":0},"end":{"line":62,"column":5}},"63":{"start":{"line":64,"column":0},"end":{"line":64,"column":53}},"64":{"start":{"line":65,"column":0},"end":{"line":65,"column":27}},"66":{"start":{"line":67,"column":0},"end":{"line":67,"column":40}},"67":{"start":{"line":68,"column":0},"end":{"line":68,"column":33}},"68":{"start":{"line":69,"column":0},"end":{"line":69,"column":47}},"69":{"start":{"line":70,"column":0},"end":{"line":70,"column":7}},"70":{"start":{"line":71,"column":0},"end":{"line":71,"column":14}},"72":{"start":{"line":73,"column":0},"end":{"line":73,"column":36}},"73":{"start":{"line":74,"column":0},"end":{"line":74,"column":19}},"74":{"start":{"line":75,"column":0},"end":{"line":75,"column":35}},"76":{"start":{"line":77,"column":0},"end":{"line":77,"column":73}},"77":{"start":{"line":78,"column":0},"end":{"line":78,"column":32}},"78":{"start":{"line":79,"column":0},"end":{"line":79,"column":40}},"79":{"start":{"line":80,"column":0},"end":{"line":80,"column":33}},"80":{"start":{"line":81,"column":0},"end":{"line":81,"column":65}},"81":{"start":{"line":82,"column":0},"end":{"line":82,"column":55}},"82":{"start":{"line":83,"column":0},"end":{"line":83,"column":6}},"84":{"start":{"line":85,"column":0},"end":{"line":85,"column":56}},"85":{"start":{"line":86,"column":0},"end":{"line":86,"column":72}},"86":{"start":{"line":87,"column":0},"end":{"line":87,"column":14}},"88":{"start":{"line":89,"column":0},"end":{"line":89,"column":41}},"89":{"start":{"line":90,"column":0},"end":{"line":90,"column":44}},"90":{"start":{"line":91,"column":0},"end":{"line":91,"column":28}},"91":{"start":{"line":92,"column":0},"end":{"line":92,"column":4}},"93":{"start":{"line":94,"column":0},"end":{"line":94,"column":10}},"94":{"start":{"line":95,"column":0},"end":{"line":95,"column":70}},"95":{"start":{"line":96,"column":0},"end":{"line":96,"column":16}},"98":{"start":{"line":99,"column":0},"end":{"line":99,"column":1}},"100":{"start":{"line":101,"column":0},"end":{"line":101,"column":64}},"101":{"start":{"line":102,"column":0},"end":{"line":102,"column":28}},"102":{"start":{"line":103,"column":0},"end":{"line":103,"column":43}},"103":{"start":{"line":104,"column":0},"end":{"line":104,"column":30}},"104":{"start":{"line":105,"column":0},"end":{"line":105,"column":68}},"105":{"start":{"line":106,"column":0},"end":{"line":106,"column":3}},"106":{"start":{"line":107,"column":0},"end":{"line":107,"column":17}},"107":{"start":{"line":108,"column":0},"end":{"line":108,"column":1}}},"s":{"0":1,"10":1,"12":7,"13":7,"14":7,"15":2,"16":5,"17":7,"19":1,"20":34,"21":22,"22":22,"23":22,"24":22,"26":34,"27":22,"28":19,"29":19,"31":34,"32":28,"34":28,"35":28,"37":28,"38":28,"40":28,"41":28,"42":28,"43":4,"44":28,"45":24,"46":24,"48":28,"49":28,"50":28,"51":28,"52":28,"54":28,"55":28,"56":28,"57":0,"58":0,"59":0,"61":0,"63":28,"64":28,"66":28,"67":28,"68":28,"69":28,"70":34,"72":34,"73":34,"74":28,"76":4,"77":4,"78":0,"79":0,"80":0,"81":0,"82":0,"84":4,"85":4,"86":34,"88":34,"89":6,"90":6,"91":6,"93":34,"94":34,"95":34,"98":34,"100":1,"101":1,"102":28,"103":28,"104":2,"105":2,"106":26,"107":26},"branchMap":{"0":{"type":"branch","line":13,"loc":{"start":{"line":13,"column":0},"end":{"line":18,"column":1}},"locations":[{"start":{"line":13,"column":0},"end":{"line":18,"column":1}}]},"1":{"type":"branch","line":14,"loc":{"start":{"line":14,"column":37},"end":{"line":14,"column":51}},"locations":[{"start":{"line":14,"column":37},"end":{"line":14,"column":51}}]},"2":{"type":"branch","line":16,"loc":{"start":{"line":16,"column":-1},"end":{"line":16,"column":12}},"locations":[{"start":{"line":16,"column":-1},"end":{"line":16,"column":12}}]},"3":{"type":"branch","line":16,"loc":{"start":{"line":16,"column":6},"end":{"line":17,"column":14}},"locations":[{"start":{"line":16,"column":6},"end":{"line":17,"column":14}}]},"4":{"type":"branch","line":20,"loc":{"start":{"line":20,"column":7},"end":{"line":99,"column":1}},"locations":[{"start":{"line":20,"column":7},"end":{"line":99,"column":1}}]},"5":{"type":"branch","line":21,"loc":{"start":{"line":21,"column":49},"end":{"line":25,"column":5}},"locations":[{"start":{"line":21,"column":49},"end":{"line":25,"column":5}}]},"6":{"type":"branch","line":22,"loc":{"start":{"line":22,"column":39},"end":{"line":22,"column":53}},"locations":[{"start":{"line":22,"column":39},"end":{"line":22,"column":53}}]},"7":{"type":"branch","line":24,"loc":{"start":{"line":24,"column":11},"end":{"line":24,"column":29}},"locations":[{"start":{"line":24,"column":11},"end":{"line":24,"column":29}}]},"8":{"type":"branch","line":27,"loc":{"start":{"line":27,"column":71},"end":{"line":30,"column":5}},"locations":[{"start":{"line":27,"column":71},"end":{"line":30,"column":5}}]},"9":{"type":"branch","line":28,"loc":{"start":{"line":28,"column":28},"end":{"line":28,"column":52}},"locations":[{"start":{"line":28,"column":28},"end":{"line":28,"column":52}}]},"10":{"type":"branch","line":28,"loc":{"start":{"line":28,"column":35},"end":{"line":30,"column":5}},"locations":[{"start":{"line":28,"column":35},"end":{"line":30,"column":5}}]},"11":{"type":"branch","line":32,"loc":{"start":{"line":32,"column":12},"end":{"line":71,"column":5}},"locations":[{"start":{"line":32,"column":12},"end":{"line":71,"column":5}}]},"12":{"type":"branch","line":43,"loc":{"start":{"line":43,"column":28},"end":{"line":45,"column":11}},"locations":[{"start":{"line":43,"column":28},"end":{"line":45,"column":11}}]},"13":{"type":"branch","line":45,"loc":{"start":{"line":45,"column":4},"end":{"line":47,"column":5}},"locations":[{"start":{"line":45,"column":4},"end":{"line":47,"column":5}}]},"14":{"type":"branch","line":57,"loc":{"start":{"line":57,"column":24},"end":{"line":62,"column":5}},"locations":[{"start":{"line":57,"column":24},"end":{"line":62,"column":5}}]},"15":{"type":"branch","line":68,"loc":{"start":{"line":68,"column":26},"end":{"line":70,"column":7}},"locations":[{"start":{"line":68,"column":26},"end":{"line":70,"column":7}}]},"16":{"type":"branch","line":74,"loc":{"start":{"line":74,"column":12},"end":{"line":87,"column":5}},"locations":[{"start":{"line":74,"column":12},"end":{"line":87,"column":5}}]},"17":{"type":"branch","line":75,"loc":{"start":{"line":75,"column":28},"end":{"line":75,"column":35}},"locations":[{"start":{"line":75,"column":28},"end":{"line":75,"column":35}}]},"18":{"type":"branch","line":75,"loc":{"start":{"line":75,"column":28},"end":{"line":87,"column":5}},"locations":[{"start":{"line":75,"column":28},"end":{"line":87,"column":5}}]},"19":{"type":"branch","line":86,"loc":{"start":{"line":86,"column":11},"end":{"line":86,"column":72}},"locations":[{"start":{"line":86,"column":11},"end":{"line":86,"column":72}}]},"20":{"type":"branch","line":89,"loc":{"start":{"line":89,"column":19},"end":{"line":92,"column":4}},"locations":[{"start":{"line":89,"column":19},"end":{"line":92,"column":4}}]},"21":{"type":"branch","line":102,"loc":{"start":{"line":102,"column":7},"end":{"line":108,"column":1}},"locations":[{"start":{"line":102,"column":7},"end":{"line":108,"column":1}}]},"22":{"type":"branch","line":104,"loc":{"start":{"line":104,"column":29},"end":{"line":106,"column":3}},"locations":[{"start":{"line":104,"column":29},"end":{"line":106,"column":3}}]},"23":{"type":"branch","line":106,"loc":{"start":{"line":106,"column":2},"end":{"line":108,"column":1}},"locations":[{"start":{"line":106,"column":2},"end":{"line":108,"column":1}}]}},"b":{"0":[7],"1":[0],"2":[2],"3":[5],"4":[34],"5":[22],"6":[0],"7":[18],"8":[22],"9":[3],"10":[19],"11":[28],"12":[4],"13":[24],"14":[0],"15":[28],"16":[28],"17":[24],"18":[4],"19":[4],"20":[6],"21":[28],"22":[2],"23":[26]},"fnMap":{"0":{"name":"getSystemTheme","decl":{"start":{"line":13,"column":0},"end":{"line":18,"column":1}},"loc":{"start":{"line":13,"column":0},"end":{"line":18,"column":1}},"line":13},"1":{"name":"ThemeProvider","decl":{"start":{"line":20,"column":7},"end":{"line":99,"column":1}},"loc":{"start":{"line":20,"column":7},"end":{"line":99,"column":1}},"line":20},"2":{"name":"handleChange","decl":{"start":{"line":78,"column":25},"end":{"line":83,"column":6}},"loc":{"start":{"line":78,"column":25},"end":{"line":83,"column":6}},"line":78},"3":{"name":"setTheme","decl":{"start":{"line":89,"column":19},"end":{"line":92,"column":4}},"loc":{"start":{"line":89,"column":19},"end":{"line":92,"column":4}},"line":89},"4":{"name":"useTheme","decl":{"start":{"line":102,"column":7},"end":{"line":108,"column":1}},"loc":{"start":{"line":102,"column":7},"end":{"line":108,"column":1}},"line":102}},"f":{"0":7,"1":34,"2":0,"3":6,"4":28}}
,"/workspaces/aimory-talent-pool/frontend/web/src/lib/utils.ts": {"path":"/workspaces/aimory-talent-pool/frontend/web/src/lib/utils.ts","all":false,"statementMap":{"0":{"start":{"line":1,"column":0},"end":{"line":1,"column":44}},"1":{"start":{"line":2,"column":0},"end":{"line":2,"column":40}},"3":{"start":{"line":4,"column":0},"end":{"line":4,"column":45}},"4":{"start":{"line":5,"column":0},"end":{"line":5,"column":30}},"5":{"start":{"line":6,"column":0},"end":{"line":6,"column":1}}},"s":{"0":1,"1":1,"3":1,"4":1461,"5":1461},"branchMap":{"0":{"type":"branch","line":4,"loc":{"start":{"line":4,"column":7},"end":{"line":6,"column":1}},"locations":[{"start":{"line":4,"column":7},"end":{"line":6,"column":1}}]}},"b":{"0":[1461]},"fnMap":{"0":{"name":"cn","decl":{"start":{"line":4,"column":7},"end":{"line":6,"column":1}},"loc":{"start":{"line":4,"column":7},"end":{"line":6,"column":1}},"line":4}},"f":{"0":1461}}
,"/workspaces/aimory-talent-pool/frontend/web/src/types/talent.ts": {"path":"/workspaces/aimory-talent-pool/frontend/web/src/types/talent.ts","all":false,"statementMap":{"0":{"start":{"line":1,"column":0},"end":{"line":1,"column":59}},"72":{"start":{"line":73,"column":0},"end":{"line":73,"column":80}},"73":{"start":{"line":74,"column":0},"end":{"line":74,"column":59}},"74":{"start":{"line":75,"column":0},"end":{"line":75,"column":55}},"75":{"start":{"line":76,"column":0},"end":{"line":76,"column":59}},"76":{"start":{"line":77,"column":0},"end":{"line":77,"column":65}},"77":{"start":{"line":78,"column":0},"end":{"line":78,"column":57}},"78":{"start":{"line":79,"column":0},"end":{"line":79,"column":1}},"80":{"start":{"line":81,"column":0},"end":{"line":81,"column":73}},"81":{"start":{"line":82,"column":0},"end":{"line":82,"column":79}},"82":{"start":{"line":83,"column":0},"end":{"line":83,"column":81}},"83":{"start":{"line":84,"column":0},"end":{"line":84,"column":51}},"84":{"start":{"line":85,"column":0},"end":{"line":85,"column":51}},"85":{"start":{"line":86,"column":0},"end":{"line":86,"column":51}},"86":{"start":{"line":87,"column":0},"end":{"line":87,"column":1}},"88":{"start":{"line":89,"column":0},"end":{"line":89,"column":78}},"89":{"start":{"line":90,"column":0},"end":{"line":90,"column":47}},"90":{"start":{"line":91,"column":0},"end":{"line":91,"column":67}},"91":{"start":{"line":92,"column":0},"end":{"line":92,"column":51}},"92":{"start":{"line":93,"column":0},"end":{"line":93,"column":53}},"93":{"start":{"line":94,"column":0},"end":{"line":94,"column":59}},"94":{"start":{"line":95,"column":0},"end":{"line":95,"column":45}},"95":{"start":{"line":96,"column":0},"end":{"line":96,"column":41}},"96":{"start":{"line":97,"column":0},"end":{"line":97,"column":45}},"97":{"start":{"line":98,"column":0},"end":{"line":98,"column":31}},"98":{"start":{"line":99,"column":0},"end":{"line":99,"column":59}},"99":{"start":{"line":100,"column":0},"end":{"line":100,"column":57}},"100":{"start":{"line":101,"column":0},"end":{"line":101,"column":37}},"101":{"start":{"line":102,"column":0},"end":{"line":102,"column":51}},"102":{"start":{"line":103,"column":0},"end":{"line":103,"column":1}},"104":{"start":{"line":105,"column":0},"end":{"line":105,"column":69}},"105":{"start":{"line":106,"column":0},"end":{"line":106,"column":39}},"106":{"start":{"line":107,"column":0},"end":{"line":107,"column":39}},"107":{"start":{"line":108,"column":0},"end":{"line":108,"column":39}},"108":{"start":{"line":109,"column":0},"end":{"line":109,"column":52}},"109":{"start":{"line":110,"column":0},"end":{"line":110,"column":61}},"110":{"start":{"line":111,"column":0},"end":{"line":111,"column":51}},"111":{"start":{"line":112,"column":0},"end":{"line":112,"column":1}},"113":{"start":{"line":114,"column":0},"end":{"line":114,"column":62}},"114":{"start":{"line":115,"column":0},"end":{"line":115,"column":36}},"115":{"start":{"line":116,"column":0},"end":{"line":116,"column":35}},"116":{"start":{"line":117,"column":0},"end":{"line":117,"column":36}},"117":{"start":{"line":118,"column":0},"end":{"line":118,"column":37}},"118":{"start":{"line":119,"column":0},"end":{"line":119,"column":39}},"119":{"start":{"line":120,"column":0},"end":{"line":120,"column":37}},"120":{"start":{"line":121,"column":0},"end":{"line":121,"column":40}},"121":{"start":{"line":122,"column":0},"end":{"line":122,"column":37}},"122":{"start":{"line":123,"column":0},"end":{"line":123,"column":36}},"123":{"start":{"line":124,"column":0},"end":{"line":124,"column":36}},"124":{"start":{"line":125,"column":0},"end":{"line":125,"column":35}},"125":{"start":{"line":126,"column":0},"end":{"line":126,"column":34}},"126":{"start":{"line":127,"column":0},"end":{"line":127,"column":37}},"127":{"start":{"line":128,"column":0},"end":{"line":128,"column":36}},"128":{"start":{"line":129,"column":0},"end":{"line":129,"column":33}},"129":{"start":{"line":130,"column":0},"end":{"line":130,"column":35}},"130":{"start":{"line":131,"column":0},"end":{"line":131,"column":37}},"131":{"start":{"line":132,"column":0},"end":{"line":132,"column":38}},"132":{"start":{"line":133,"column":0},"end":{"line":133,"column":34}},"133":{"start":{"line":134,"column":0},"end":{"line":134,"column":37}},"134":{"start":{"line":135,"column":0},"end":{"line":135,"column":42}},"135":{"start":{"line":136,"column":0},"end":{"line":136,"column":37}},"136":{"start":{"line":137,"column":0},"end":{"line":137,"column":38}},"137":{"start":{"line":138,"column":0},"end":{"line":138,"column":40}},"138":{"start":{"line":139,"column":0},"end":{"line":139,"column":37}},"139":{"start":{"line":140,"column":0},"end":{"line":140,"column":36}},"140":{"start":{"line":141,"column":0},"end":{"line":141,"column":37}},"141":{"start":{"line":142,"column":0},"end":{"line":142,"column":35}},"142":{"start":{"line":143,"column":0},"end":{"line":143,"column":42}},"143":{"start":{"line":144,"column":0},"end":{"line":144,"column":39}},"144":{"start":{"line":145,"column":0},"end":{"line":145,"column":39}},"145":{"start":{"line":146,"column":0},"end":{"line":146,"column":37}},"146":{"start":{"line":147,"column":0},"end":{"line":147,"column":43}},"147":{"start":{"line":148,"column":0},"end":{"line":148,"column":41}},"148":{"start":{"line":149,"column":0},"end":{"line":149,"column":33}},"149":{"start":{"line":150,"column":0},"end":{"line":150,"column":37}},"150":{"start":{"line":151,"column":0},"end":{"line":151,"column":35}},"151":{"start":{"line":152,"column":0},"end":{"line":152,"column":41}},"152":{"start":{"line":153,"column":0},"end":{"line":153,"column":41}},"153":{"start":{"line":154,"column":0},"end":{"line":154,"column":43}},"154":{"start":{"line":155,"column":0},"end":{"line":155,"column":41}},"155":{"start":{"line":156,"column":0},"end":{"line":156,"column":38}},"156":{"start":{"line":157,"column":0},"end":{"line":157,"column":34}},"157":{"start":{"line":158,"column":0},"end":{"line":158,"column":33}},"158":{"start":{"line":159,"column":0},"end":{"line":159,"column":36}},"159":{"start":{"line":160,"column":0},"end":{"line":160,"column":37}},"160":{"start":{"line":161,"column":0},"end":{"line":161,"column":39}},"161":{"start":{"line":162,"column":0},"end":{"line":162,"column":42}},"162":{"start":{"line":163,"column":0},"end":{"line":163,"column":42}},"163":{"start":{"line":164,"column":0},"end":{"line":164,"column":38}},"164":{"start":{"line":165,"column":0},"end":{"line":165,"column":36}},"165":{"start":{"line":166,"column":0},"end":{"line":166,"column":1}}},"s":{"0":1,"72":1,"73":1,"74":1,"75":1,"76":1,"77":1,"78":1,"80":1,"81":1,"82":1,"83":1,"84":1,"85":1,"86":1,"88":1,"89":1,"90":1,"91":1,"92":1,"93":1,"94":1,"95":1,"96":1,"97":1,"98":1,"99":1,"100":1,"101":1,"102":1,"104":1,"105":1,"106":1,"107":1,"108":1,"109":1,"110":1,"111":1,"113":1,"114":1,"115":1,"116":1,"117":1,"118":1,"119":1,"120":1,"121":1,"122":1,"123":1,"124":1,"125":1,"126":1,"127":1,"128":1,"129":1,"130":1,"131":1,"132":1,"133":1,"134":1,"135":1,"136":1,"137":1,"138":1,"139":1,"140":1,"141":1,"142":1,"143":1,"144":1,"145":1,"146":1,"147":1,"148":1,"149":1,"150":1,"151":1,"152":1,"153":1,"154":1,"155":1,"156":1,"157":1,"158":1,"159":1,"160":1,"161":1,"162":1,"163":1,"164":1,"165":1},"branchMap":{},"b":{},"fnMap":{},"f":{}}
}
